Using pre-set license
Built from '6000.0/staging' branch; Version is '6000.0.48f1 (170d2541580d) revision 1510693'; Using compiler version '193933523'; Build Type 'Release'
OS: 'Windows 11  (10.0.26100) 64bit Core' Language: 'ko' Physical Memory: 31849 MB
BatchMode: 1, IsHumanControllingUs: 0, StartBugReporterOnCrash: 0, Is64bit: 1, IsPro: 1

COMMAND LINE ARGUMENTS:
C:\Program Files\Unity\Hub\Editor\6000.0.48f1\Editor\Unity.exe
-adb2
-batchMode
-noUpm
-name
AssetImportWorker4
-projectPath
C:/Users/c/Desktop/프로젝트/MyProject
-logFile
Logs/AssetImportWorker4.log
-srvPort
50769
-job-worker-count
7
-background-job-worker-count
8
-gc-helper-count
1
Successfully changed project path to: C:/Users/c/Desktop/프로젝트/MyProject
C:/Users/c/Desktop/프로젝트/MyProject
[UnityMemory] Configuration Parameters - Can be set up in boot.config
    "memorysetup-bucket-allocator-granularity=16"
    "memorysetup-bucket-allocator-bucket-count=8"
    "memorysetup-bucket-allocator-block-size=33554432"
    "memorysetup-bucket-allocator-block-count=8"
    "memorysetup-main-allocator-block-size=16777216"
    "memorysetup-thread-allocator-block-size=16777216"
    "memorysetup-gfx-main-allocator-block-size=16777216"
    "memorysetup-gfx-thread-allocator-block-size=16777216"
    "memorysetup-cache-allocator-block-size=4194304"
    "memorysetup-typetree-allocator-block-size=2097152"
    "memorysetup-profiler-bucket-allocator-granularity=16"
    "memorysetup-profiler-bucket-allocator-bucket-count=8"
    "memorysetup-profiler-bucket-allocator-block-size=33554432"
    "memorysetup-profiler-bucket-allocator-block-count=8"
    "memorysetup-profiler-allocator-block-size=16777216"
    "memorysetup-profiler-editor-allocator-block-size=1048576"
    "memorysetup-temp-allocator-size-main=16777216"
    "memorysetup-job-temp-allocator-block-size=2097152"
    "memorysetup-job-temp-allocator-block-size-background=1048576"
    "memorysetup-job-temp-allocator-reduction-small-platforms=262144"
    "memorysetup-allocator-temp-initial-block-size-main=262144"
    "memorysetup-allocator-temp-initial-block-size-worker=262144"
    "memorysetup-temp-allocator-size-background-worker=32768"
    "memorysetup-temp-allocator-size-job-worker=262144"
    "memorysetup-temp-allocator-size-preload-manager=33554432"
    "memorysetup-temp-allocator-size-nav-mesh-worker=65536"
    "memorysetup-temp-allocator-size-audio-worker=65536"
    "memorysetup-temp-allocator-size-cloud-worker=32768"
    "memorysetup-temp-allocator-size-gi-baking-worker=262144"
    "memorysetup-temp-allocator-size-gi-baking-worker=262144"
    "memorysetup-temp-allocator-size-gi-baking-worker=262144"
    "memorysetup-temp-allocator-size-gi-baking-worker=262144"
    "memorysetup-temp-allocator-size-gi-baking-worker=262144"
    "memorysetup-temp-allocator-size-gfx=262144"
Player connection [580]  Target information:

Player connection [580]  * "[IP] 192.168.219.106 [Port] 0 [Flags] 2 [Guid] 1281625066 [EditorId] 1281625066 [Version] 1048832 [Id] WindowsEditor(7,DESKTOP-PDUOFTE) [Debug] 1 [PackageName] WindowsEditor [ProjectName] Editor" 

Player connection [580] Host joined multi-casting on [225.0.0.222:54997]...
Player connection [580] Host joined alternative multi-casting on [225.0.0.222:34997]...
JobSystem: Creating JobQueue using job-worker-count value 7
Input System module state changed to: Initialized.
[Physics::Module] Initialized fallback backend.
[Physics::Module] Id: 0xdecafbad
Library Redirect Path: Library/
[Physics::Module] Selected backend.
[Physics::Module] Name: PhysX
[Physics::Module] Id: 0xf2b8ea05
[Physics::Module] SDK Version: 4.1.2
[Physics::Module] Integration Version: 1.0.0
[Physics::Module] Threading Mode: Multi-Threaded
Refreshing native plugins compatible for Editor in 1.86 ms, found 4 plugins.
Preloading 0 native plugins for Editor in 0.00 ms.
Initialize engine version: 6000.0.48f1 (170d2541580d)
[Subsystems] Discovering subsystems at path C:/Program Files/Unity/Hub/Editor/6000.0.48f1/Editor/Data/Resources/UnitySubsystems
[Subsystems] Discovering subsystems at path C:/Users/c/Desktop/프로젝트/MyProject/Assets
GfxDevice: creating device client; kGfxThreadingModeNonThreaded
Direct3D:
    Version:  Direct3D 11.0 [level 11.1]
    Renderer: AMD Radeon RX 9070 XT (ID=0x7550)
    Vendor:   ATI
    VRAM:     16304 MB
    Driver:   32.0.21013.1000
Initialize mono
Mono path[0] = 'C:/Program Files/Unity/Hub/Editor/6000.0.48f1/Editor/Data/Managed'
Mono path[1] = 'C:/Program Files/Unity/Hub/Editor/6000.0.48f1/Editor/Data/MonoBleedingEdge/lib/mono/unityjit-win32'
Mono config path = 'C:/Program Files/Unity/Hub/Editor/6000.0.48f1/Editor/Data/MonoBleedingEdge/etc'
Using monoOptions --debugger-agent=transport=dt_socket,embedding=1,server=y,suspend=n,address=127.0.0.1:56964
Begin MonoManager ReloadAssembly
Registering precompiled unity dll's ...
Register platform support module: C:/Program Files/Unity/Hub/Editor/6000.0.48f1/Editor/Data/PlaybackEngines/WindowsStandaloneSupport/UnityEditor.WindowsStandalone.Extensions.dll
Registered in 0.001684 seconds.
- Loaded All Assemblies, in  0.197 seconds
Native extension for WindowsStandalone target not found
Mono: successfully reloaded assembly
- Finished resetting the current domain, in  0.165 seconds
Domain Reload Profiling: 361ms
	BeginReloadAssembly (67ms)
		ExecutionOrderSort (0ms)
		DisableScriptedObjects (0ms)
		BackupInstance (0ms)
		ReleaseScriptingObjects (0ms)
		CreateAndSetChildDomain (1ms)
	RebuildCommonClasses (19ms)
	RebuildNativeTypeToScriptingClass (6ms)
	initialDomainReloadingComplete (25ms)
	LoadAllAssembliesAndSetupDomain (77ms)
		LoadAssemblies (65ms)
		RebuildTransferFunctionScriptingTraits (0ms)
		AnalyzeDomain (76ms)
			TypeCache.Refresh (75ms)
				TypeCache.ScanAssembly (68ms)
			BuildScriptInfoCaches (0ms)
			ResolveRequiredComponents (0ms)
	FinalizeReload (166ms)
		ReleaseScriptCaches (0ms)
		RebuildScriptCaches (0ms)
		SetupLoadedEditorAssemblies (138ms)
			LogAssemblyErrors (0ms)
			InitializePlatformSupportModulesInManaged (11ms)
			SetLoadedEditorAssemblies (2ms)
			BeforeProcessingInitializeOnLoad (29ms)
			ProcessInitializeOnLoadAttributes (70ms)
			ProcessInitializeOnLoadMethodAttributes (25ms)
			AfterProcessingInitializeOnLoad (0ms)
			EditorAssembliesLoaded (0ms)
		ExecutionOrderSort2 (0ms)
		AwakeInstancesAfterBackupRestoration (0ms)
========================================================================
Worker process is ready to serve import requests
Import Worker Mode flag is 0x00
Begin MonoManager ReloadAssembly
- Loaded All Assemblies, in  0.426 seconds
Refreshing native plugins compatible for Editor in 0.84 ms, found 4 plugins.
Native extension for WindowsStandalone target not found
Mono: successfully reloaded assembly
- Finished resetting the current domain, in  0.401 seconds
Domain Reload Profiling: 824ms
	BeginReloadAssembly (92ms)
		ExecutionOrderSort (0ms)
		DisableScriptedObjects (3ms)
		BackupInstance (0ms)
		ReleaseScriptingObjects (0ms)
		CreateAndSetChildDomain (21ms)
	RebuildCommonClasses (21ms)
	RebuildNativeTypeToScriptingClass (6ms)
	initialDomainReloadingComplete (22ms)
	LoadAllAssembliesAndSetupDomain (282ms)
		LoadAssemblies (191ms)
		RebuildTransferFunctionScriptingTraits (0ms)
		AnalyzeDomain (141ms)
			TypeCache.Refresh (100ms)
				TypeCache.ScanAssembly (91ms)
			BuildScriptInfoCaches (33ms)
			ResolveRequiredComponents (5ms)
	FinalizeReload (401ms)
		ReleaseScriptCaches (0ms)
		RebuildScriptCaches (0ms)
		SetupLoadedEditorAssemblies (330ms)
			LogAssemblyErrors (0ms)
			InitializePlatformSupportModulesInManaged (1ms)
			SetLoadedEditorAssemblies (2ms)
			BeforeProcessingInitializeOnLoad (66ms)
			ProcessInitializeOnLoadAttributes (201ms)
			ProcessInitializeOnLoadMethodAttributes (57ms)
			AfterProcessingInitializeOnLoad (3ms)
			EditorAssembliesLoaded (0ms)
		ExecutionOrderSort2 (0ms)
		AwakeInstancesAfterBackupRestoration (4ms)
Launched and connected shader compiler UnityShaderCompiler.exe after 0.01 seconds
Refreshing native plugins compatible for Editor in 0.99 ms, found 4 plugins.
Preloading 0 native plugins for Editor in 0.00 ms.
Unloading 212 Unused Serialized files (Serialized files now loaded: 0)
Unloading 6585 unused Assets / (4.0 MB). Loaded Objects now: 7289.
Memory consumption went from 195.4 MB to 191.4 MB.
Total: 5.351700 ms (FindLiveObjects: 0.616100 ms CreateObjectMapping: 0.151800 ms MarkObjects: 3.085600 ms  DeleteObjects: 1.497200 ms)

========================================================================
Received Import Request.
  Time since last request: 1305.431310 seconds.
  path: Assets/외부 에셋/Gif/Super_Retro_Collection/Resources/Battlers/BlackMagusA.png
  artifactKey: Guid(97d01092bba08fe45b29c1cff04b20c0) Importer(815301076,1909f56bfc062723c751e8b465ee728b)
Start importing Assets/외부 에셋/Gif/Super_Retro_Collection/Resources/Battlers/BlackMagusA.png using Guid(97d01092bba08fe45b29c1cff04b20c0) Importer(815301076,1909f56bfc062723c751e8b465ee728b) (PreviewImporter) -> (artifact id: '6094500ff143f284ecc586612954b505') in 0.0771054 seconds
Number of updated asset objects reloaded before import = 0Number of asset objects unloaded after import = 3

========================================================================
Received Import Request.
  Time since last request: 0.000021 seconds.
  path: Assets/외부 에셋/Gif/Super_Retro_Collection/Resources/Battlers/ScorpionC.png
  artifactKey: Guid(03e0461dd8a135e4dafba5e28cbb3069) Importer(815301076,1909f56bfc062723c751e8b465ee728b)
Start importing Assets/외부 에셋/Gif/Super_Retro_Collection/Resources/Battlers/ScorpionC.png using Guid(03e0461dd8a135e4dafba5e28cbb3069) Importer(815301076,1909f56bfc062723c751e8b465ee728b) (PreviewImporter) -> (artifact id: 'c70199f151e9a70235fc410ca59235c6') in 0.0139752 seconds
Number of updated asset objects reloaded before import = 0Number of asset objects unloaded after import = 3

========================================================================
Received Import Request.
  Time since last request: 0.000024 seconds.
  path: Assets/외부 에셋/Gif/Super_Retro_Collection/Resources/Battlers/LamiaA.png
  artifactKey: Guid(b5d8e639330161c4bbde8f7a6cdd46e4) Importer(815301076,1909f56bfc062723c751e8b465ee728b)
Start importing Assets/외부 에셋/Gif/Super_Retro_Collection/Resources/Battlers/LamiaA.png using Guid(b5d8e639330161c4bbde8f7a6cdd46e4) Importer(815301076,1909f56bfc062723c751e8b465ee728b) (PreviewImporter) -> (artifact id: 'd38d7f1ebb8ee188cf43ed99b048de0c') in 0.0127436 seconds
Number of updated asset objects reloaded before import = 0Number of asset objects unloaded after import = 3

========================================================================
Received Import Request.
  Time since last request: 0.000016 seconds.
  path: Assets/외부 에셋/Gif/Super_Retro_Collection/Resources/Battlers/SlimeswordH.png
  artifactKey: Guid(4b03a0bb95c64fd448211b60ad77a0cc) Importer(815301076,1909f56bfc062723c751e8b465ee728b)
Start importing Assets/외부 에셋/Gif/Super_Retro_Collection/Resources/Battlers/SlimeswordH.png using Guid(4b03a0bb95c64fd448211b60ad77a0cc) Importer(815301076,1909f56bfc062723c751e8b465ee728b) (PreviewImporter) -> (artifact id: '3446f851a06d421818744807668f7650') in 0.0133504 seconds
Number of updated asset objects reloaded before import = 0Number of asset objects unloaded after import = 3

========================================================================
Received Import Request.
  Time since last request: 0.000020 seconds.
  path: Assets/외부 에셋/Gif/Super_Retro_Collection/Resources/Battlers/SlimeswordD.png
  artifactKey: Guid(0e6078922facc034abcc766474df6718) Importer(815301076,1909f56bfc062723c751e8b465ee728b)
Start importing Assets/외부 에셋/Gif/Super_Retro_Collection/Resources/Battlers/SlimeswordD.png using Guid(0e6078922facc034abcc766474df6718) Importer(815301076,1909f56bfc062723c751e8b465ee728b) (PreviewImporter) -> (artifact id: '557dc2c83fdfcb4bcc1839a8d3a16856') in 0.0126598 seconds
Number of updated asset objects reloaded before import = 0Number of asset objects unloaded after import = 3

========================================================================
Received Import Request.
  Time since last request: 0.000013 seconds.
  path: Assets/외부 에셋/Gif/Super_Retro_Collection/Resources/Battlers/ScorpionA.png
  artifactKey: Guid(4747cd9395f8e1e48ba4df8c5524311c) Importer(815301076,1909f56bfc062723c751e8b465ee728b)
Start importing Assets/외부 에셋/Gif/Super_Retro_Collection/Resources/Battlers/ScorpionA.png using Guid(4747cd9395f8e1e48ba4df8c5524311c) Importer(815301076,1909f56bfc062723c751e8b465ee728b) (PreviewImporter) -> (artifact id: '4664540309f46e5f5171a63cc6594966') in 0.0115132 seconds
Number of updated asset objects reloaded before import = 0Number of asset objects unloaded after import = 3

========================================================================
Received Import Request.
  Time since last request: 0.000014 seconds.
  path: Assets/외부 에셋/Gif/Super_Retro_Collection/Resources/Battlers/ZombiD.png
  artifactKey: Guid(494554303b954d142a6508d85d909736) Importer(815301076,1909f56bfc062723c751e8b465ee728b)
Start importing Assets/외부 에셋/Gif/Super_Retro_Collection/Resources/Battlers/ZombiD.png using Guid(494554303b954d142a6508d85d909736) Importer(815301076,1909f56bfc062723c751e8b465ee728b) (PreviewImporter) -> (artifact id: 'e46163a1a56d38793da68dcd5769dcea') in 0.0117019 seconds
Number of updated asset objects reloaded before import = 0Number of asset objects unloaded after import = 3

========================================================================
Received Import Request.
  Time since last request: 0.000013 seconds.
  path: Assets/외부 에셋/Gif/Super_Retro_Collection/Resources/Battlers/Character_03.png
  artifactKey: Guid(e7f9bfe7a3da3b642867d6b0c4fbd1d1) Importer(815301076,1909f56bfc062723c751e8b465ee728b)
Start importing Assets/외부 에셋/Gif/Super_Retro_Collection/Resources/Battlers/Character_03.png using Guid(e7f9bfe7a3da3b642867d6b0c4fbd1d1) Importer(815301076,1909f56bfc062723c751e8b465ee728b) (PreviewImporter) -> (artifact id: 'f93be9b6c7a4771b68c6d27629c003ce') in 0.0114005 seconds
Number of updated asset objects reloaded before import = 0Number of asset objects unloaded after import = 3

========================================================================
Received Import Request.
  Time since last request: 0.000017 seconds.
  path: Assets/외부 에셋/Gif/Super_Retro_Collection/Resources/Battlers
  artifactKey: Guid(381dcc31f65762343b1ed30e15154f05) Importer(815301076,1909f56bfc062723c751e8b465ee728b)
Start importing Assets/외부 에셋/Gif/Super_Retro_Collection/Resources/Battlers using Guid(381dcc31f65762343b1ed30e15154f05) Importer(815301076,1909f56bfc062723c751e8b465ee728b) (PreviewImporter) -> (artifact id: 'bedb46e4894f694e781cf6d9e6bc3f7b') in 0.000552 seconds
Number of updated asset objects reloaded before import = 0Number of asset objects unloaded after import = 0

========================================================================
Received Import Request.
  Time since last request: 0.000025 seconds.
  path: Assets/외부 에셋/Gif/Super_Retro_Collection/Resources/Battlers/MushroomB.png
  artifactKey: Guid(6d98e3cb8c4afa54ba718e2aa6a4b485) Importer(815301076,1909f56bfc062723c751e8b465ee728b)
Start importing Assets/외부 에셋/Gif/Super_Retro_Collection/Resources/Battlers/MushroomB.png using Guid(6d98e3cb8c4afa54ba718e2aa6a4b485) Importer(815301076,1909f56bfc062723c751e8b465ee728b) (PreviewImporter) -> (artifact id: 'f5e80a90e8726676de2cb27964c009ba') in 0.0104472 seconds
Number of updated asset objects reloaded before import = 0Number of asset objects unloaded after import = 3

========================================================================
Received Import Request.
  Time since last request: 0.000012 seconds.
  path: Assets/외부 에셋/Gif/Super_Retro_Collection/Resources/Battlers/GeniusB.png
  artifactKey: Guid(7518b5aaf20ebba4193f7d1472b85a93) Importer(815301076,1909f56bfc062723c751e8b465ee728b)
Start importing Assets/외부 에셋/Gif/Super_Retro_Collection/Resources/Battlers/GeniusB.png using Guid(7518b5aaf20ebba4193f7d1472b85a93) Importer(815301076,1909f56bfc062723c751e8b465ee728b) (PreviewImporter) -> (artifact id: 'eab1fe0da70d11cafe5740847b9c02ea') in 0.011357 seconds
Number of updated asset objects reloaded before import = 0Number of asset objects unloaded after import = 3

========================================================================
Received Import Request.
  Time since last request: 0.000011 seconds.
  path: Assets/외부 에셋/Gif/Super_Retro_Collection/Resources/Battlers/GhostD.png
  artifactKey: Guid(59326c3928f544a4691814b6cac4904b) Importer(815301076,1909f56bfc062723c751e8b465ee728b)
Start importing Assets/외부 에셋/Gif/Super_Retro_Collection/Resources/Battlers/GhostD.png using Guid(59326c3928f544a4691814b6cac4904b) Importer(815301076,1909f56bfc062723c751e8b465ee728b) (PreviewImporter) -> (artifact id: 'ff9011bae7ad59e62f95d26034b009f3') in 0.0106287 seconds
Number of updated asset objects reloaded before import = 0Number of asset objects unloaded after import = 3

========================================================================
Received Import Request.
  Time since last request: 0.000012 seconds.
  path: Assets/외부 에셋/Gif/Super_Retro_Collection/Resources/Battlers/WormA.png
  artifactKey: Guid(8cf5b50b646053b4d821ae3e0b6b3e76) Importer(815301076,1909f56bfc062723c751e8b465ee728b)
Start importing Assets/외부 에셋/Gif/Super_Retro_Collection/Resources/Battlers/WormA.png using Guid(8cf5b50b646053b4d821ae3e0b6b3e76) Importer(815301076,1909f56bfc062723c751e8b465ee728b) (PreviewImporter) -> (artifact id: '3c5cf559f20dc2b9d1b9b8ff5dabf6d5') in 0.0107527 seconds
Number of updated asset objects reloaded before import = 0Number of asset objects unloaded after import = 3

========================================================================
Received Import Request.
  Time since last request: 0.000013 seconds.
  path: Assets/외부 에셋/Gif/Super_Retro_Collection/Resources/Battlers/SkeletonB.png
  artifactKey: Guid(bd1d59d05d257454ab0dbb3e0f9766fe) Importer(815301076,1909f56bfc062723c751e8b465ee728b)
Start importing Assets/외부 에셋/Gif/Super_Retro_Collection/Resources/Battlers/SkeletonB.png using Guid(bd1d59d05d257454ab0dbb3e0f9766fe) Importer(815301076,1909f56bfc062723c751e8b465ee728b) (PreviewImporter) -> (artifact id: '591c2872103f733653f53858e851e378') in 0.011299 seconds
Number of updated asset objects reloaded before import = 0Number of asset objects unloaded after import = 3

========================================================================
Received Import Request.
  Time since last request: 11.162553 seconds.
  path: Assets/외부 에셋/Gif/Super_Retro_Collection/Resources/Environments/legacy_atlas.png
  artifactKey: Guid(26d435702dedb784694895af12418eff) Importer(815301076,1909f56bfc062723c751e8b465ee728b)
Start importing Assets/외부 에셋/Gif/Super_Retro_Collection/Resources/Environments/legacy_atlas.png using Guid(26d435702dedb784694895af12418eff) Importer(815301076,1909f56bfc062723c751e8b465ee728b) (PreviewImporter) -> (artifact id: 'af865b6fd2d67bd3c9222b0720724494') in 4.7889273 seconds
Number of updated asset objects reloaded before import = 0Number of asset objects unloaded after import = 7426

========================================================================
Received Import Request.
  Time since last request: 10.097691 seconds.
  path: Assets/외부 에셋/Gif/Super_Retro_Collection/Resources/Environments/TilePalette_updates/2.7.4/anim_autotile_32.png
  artifactKey: Guid(10b76934bf10a6a4db67405bd8abaad7) Importer(815301076,1909f56bfc062723c751e8b465ee728b)
Start importing Assets/외부 에셋/Gif/Super_Retro_Collection/Resources/Environments/TilePalette_updates/2.7.4/anim_autotile_32.png using Guid(10b76934bf10a6a4db67405bd8abaad7) Importer(815301076,1909f56bfc062723c751e8b465ee728b) (PreviewImporter) -> (artifact id: '2cfd6ee6d2ec634723d45c30b89efbf0') in 0.0165245 seconds
Number of updated asset objects reloaded before import = 0Number of asset objects unloaded after import = 3

========================================================================
Received Import Request.
  Time since last request: 0.000014 seconds.
  path: Assets/외부 에셋/Gif/Super_Retro_Collection/Resources/Environments/TilePalette_updates/2.7.4/anim_autotile_44.png
  artifactKey: Guid(9931be7dc5ca49e43817013ee2b0a1c3) Importer(815301076,1909f56bfc062723c751e8b465ee728b)
Start importing Assets/외부 에셋/Gif/Super_Retro_Collection/Resources/Environments/TilePalette_updates/2.7.4/anim_autotile_44.png using Guid(9931be7dc5ca49e43817013ee2b0a1c3) Importer(815301076,1909f56bfc062723c751e8b465ee728b) (PreviewImporter) -> (artifact id: 'df55f46ec486a065eff9fa5c064f6007') in 0.0137281 seconds
Number of updated asset objects reloaded before import = 0Number of asset objects unloaded after import = 3

========================================================================
Received Import Request.
  Time since last request: 0.000016 seconds.
  path: Assets/외부 에셋/Gif/Super_Retro_Collection/Resources/Environments/TilePalette_updates/2.7.4/New Fang Auto Tile 3.asset
  artifactKey: Guid(2319cd80c1d648c458b130098abc01a7) Importer(815301076,1909f56bfc062723c751e8b465ee728b)
Start importing Assets/외부 에셋/Gif/Super_Retro_Collection/Resources/Environments/TilePalette_updates/2.7.4/New Fang Auto Tile 3.asset using Guid(2319cd80c1d648c458b130098abc01a7) Importer(815301076,1909f56bfc062723c751e8b465ee728b) (PreviewImporter) -> (artifact id: '0a745329f7163ee0d64a93a88ebede7a') in 0.024088 seconds
Number of updated asset objects reloaded before import = 0Number of asset objects unloaded after import = 192

========================================================================
Received Import Request.
  Time since last request: 0.000013 seconds.
  path: Assets/외부 에셋/Gif/Super_Retro_Collection/Resources/Environments/TilePalette_updates/2.7.4/New Fang Auto Tile 8.asset
  artifactKey: Guid(24cb96b0c1dc70c4fabf876eec3c29c0) Importer(815301076,1909f56bfc062723c751e8b465ee728b)
Start importing Assets/외부 에셋/Gif/Super_Retro_Collection/Resources/Environments/TilePalette_updates/2.7.4/New Fang Auto Tile 8.asset using Guid(24cb96b0c1dc70c4fabf876eec3c29c0) Importer(815301076,1909f56bfc062723c751e8b465ee728b) (PreviewImporter) -> (artifact id: 'e35caa093bd3dbe8d48c7d61451d798c') in 0.0187511 seconds
Number of updated asset objects reloaded before import = 0Number of asset objects unloaded after import = 192

========================================================================
Received Import Request.
  Time since last request: 0.000015 seconds.
  path: Assets/외부 에셋/Gif/Super_Retro_Collection/Resources/Environments/TilePalette_updates/2.7.4/anim_autotile_49.png
  artifactKey: Guid(e99369f474d04694a81942aaf7ae4f9a) Importer(815301076,1909f56bfc062723c751e8b465ee728b)
Start importing Assets/외부 에셋/Gif/Super_Retro_Collection/Resources/Environments/TilePalette_updates/2.7.4/anim_autotile_49.png using Guid(e99369f474d04694a81942aaf7ae4f9a) Importer(815301076,1909f56bfc062723c751e8b465ee728b) (PreviewImporter) -> (artifact id: '38826201cbd39fabf7d4c926d6bf3e29') in 0.0085784 seconds
Number of updated asset objects reloaded before import = 0Number of asset objects unloaded after import = 3

========================================================================
Received Import Request.
  Time since last request: 0.000023 seconds.
  path: Assets/외부 에셋/Gif/Super_Retro_Collection/Resources/Environments/TilePalette_updates/2.7.4/New Fang Auto Tile.asset
  artifactKey: Guid(915464f646c704047b2e3da7fabc97df) Importer(815301076,1909f56bfc062723c751e8b465ee728b)
Start importing Assets/외부 에셋/Gif/Super_Retro_Collection/Resources/Environments/TilePalette_updates/2.7.4/New Fang Auto Tile.asset using Guid(915464f646c704047b2e3da7fabc97df) Importer(815301076,1909f56bfc062723c751e8b465ee728b) (PreviewImporter) -> (artifact id: '6c91f3d1459bd06d82b4cf840b6d47bf') in 0.0213774 seconds
Number of updated asset objects reloaded before import = 0Number of asset objects unloaded after import = 192

========================================================================
Received Import Request.
  Time since last request: 0.000015 seconds.
  path: Assets/외부 에셋/Gif/Super_Retro_Collection/Resources/Environments/TilePalette_updates/2.7.4
  artifactKey: Guid(76428302c1e2d294e8e0033cc3923937) Importer(815301076,1909f56bfc062723c751e8b465ee728b)
Start importing Assets/외부 에셋/Gif/Super_Retro_Collection/Resources/Environments/TilePalette_updates/2.7.4 using Guid(76428302c1e2d294e8e0033cc3923937) Importer(815301076,1909f56bfc062723c751e8b465ee728b) (PreviewImporter) -> (artifact id: '5c06806fe0791a1e6bd21719eb163077') in 0.0004948 seconds
Number of updated asset objects reloaded before import = 0Number of asset objects unloaded after import = 0

========================================================================
Received Import Request.
  Time since last request: 0.000014 seconds.
  path: Assets/외부 에셋/Gif/Super_Retro_Collection/Resources/Environments/TilePalette_updates/2.7.4/New Fang Auto Tile 7.asset
  artifactKey: Guid(4ac4102d73e9e8b49ac15a3fcfdfddff) Importer(815301076,1909f56bfc062723c751e8b465ee728b)
Start importing Assets/외부 에셋/Gif/Super_Retro_Collection/Resources/Environments/TilePalette_updates/2.7.4/New Fang Auto Tile 7.asset using Guid(4ac4102d73e9e8b49ac15a3fcfdfddff) Importer(815301076,1909f56bfc062723c751e8b465ee728b) (PreviewImporter) -> (artifact id: '9d0a1c500ce89a9cd0eb41e5ccb133b0') in 0.0223206 seconds
Number of updated asset objects reloaded before import = 0Number of asset objects unloaded after import = 192

========================================================================
Received Import Request.
  Time since last request: 0.000011 seconds.
  path: Assets/외부 에셋/Gif/Super_Retro_Collection/Resources/Environments/TilePalette_updates/2.7.4/New Fang Auto Tile 2.asset
  artifactKey: Guid(17613758255ef4047a4b069ad9a61695) Importer(815301076,1909f56bfc062723c751e8b465ee728b)
Start importing Assets/외부 에셋/Gif/Super_Retro_Collection/Resources/Environments/TilePalette_updates/2.7.4/New Fang Auto Tile 2.asset using Guid(17613758255ef4047a4b069ad9a61695) Importer(815301076,1909f56bfc062723c751e8b465ee728b) (PreviewImporter) -> (artifact id: '5dae39c0e030fc2066e108c29303ab82') in 0.023053 seconds
Number of updated asset objects reloaded before import = 0Number of asset objects unloaded after import = 192

========================================================================
Received Import Request.
  Time since last request: 16.909168 seconds.
  path: Assets/외부 에셋/Gif/Super_Retro_Collection/Resources/Environments/TilePalette
  artifactKey: Guid(a9ddfe1ebc3b61d4fb2947aea0f7df88) Importer(815301076,1909f56bfc062723c751e8b465ee728b)
Start importing Assets/외부 에셋/Gif/Super_Retro_Collection/Resources/Environments/TilePalette using Guid(a9ddfe1ebc3b61d4fb2947aea0f7df88) Importer(815301076,1909f56bfc062723c751e8b465ee728b) (PreviewImporter) -> (artifact id: 'ce9e3d19ba3912141e469e983e73f391') in 0.0005157 seconds
Number of updated asset objects reloaded before import = 0Number of asset objects unloaded after import = 0

========================================================================
Received Import Request.
  Time since last request: 7.975014 seconds.
  path: Assets/외부 에셋/Gif/Super_Retro_Collection/Resources/Prefabs_with_behavior
  artifactKey: Guid(2d503f2928056244d9bd34aaac5cc08f) Importer(815301076,1909f56bfc062723c751e8b465ee728b)
Start importing Assets/외부 에셋/Gif/Super_Retro_Collection/Resources/Prefabs_with_behavior using Guid(2d503f2928056244d9bd34aaac5cc08f) Importer(815301076,1909f56bfc062723c751e8b465ee728b) (PreviewImporter) -> (artifact id: '1979b4cf54a1acda8f46505529fa07c7') in 0.00044 seconds
Number of updated asset objects reloaded before import = 0Number of asset objects unloaded after import = 0

========================================================================
Received Import Request.
  Time since last request: 3.508181 seconds.
  path: Assets/외부 에셋/Gif/Super_Retro_Collection/Resources/Animations
  artifactKey: Guid(d21f86143a22eb1439eaafcb47b819c1) Importer(815301076,1909f56bfc062723c751e8b465ee728b)
Start importing Assets/외부 에셋/Gif/Super_Retro_Collection/Resources/Animations using Guid(d21f86143a22eb1439eaafcb47b819c1) Importer(815301076,1909f56bfc062723c751e8b465ee728b) (PreviewImporter) -> (artifact id: 'c27cbd54c199b551be9c5f6b749b7400') in 0.0004498 seconds
Number of updated asset objects reloaded before import = 0Number of asset objects unloaded after import = 0

========================================================================
Received Import Request.
  Time since last request: 16.243606 seconds.
  path: Assets/외부 에셋/Gif/Ruccho/FangAutoTile/Sample/Tiles
  artifactKey: Guid(5c9e1f31e84467c45905caf7e947060f) Importer(815301076,1909f56bfc062723c751e8b465ee728b)
Start importing Assets/외부 에셋/Gif/Ruccho/FangAutoTile/Sample/Tiles using Guid(5c9e1f31e84467c45905caf7e947060f) Importer(815301076,1909f56bfc062723c751e8b465ee728b) (PreviewImporter) -> (artifact id: 'e638dfadc5dd808746844f70237c6f0a') in 0.0004401 seconds
Number of updated asset objects reloaded before import = 0Number of asset objects unloaded after import = 0

========================================================================
Received Import Request.
  Time since last request: 1.894114 seconds.
  path: Assets/외부 에셋/Gif/Ruccho/FangAutoTile/Sample/Tiles/hana.asset
  artifactKey: Guid(7545bab1fbfc53a46ab0018826286940) Importer(815301076,1909f56bfc062723c751e8b465ee728b)
Start importing Assets/외부 에셋/Gif/Ruccho/FangAutoTile/Sample/Tiles/hana.asset using Guid(7545bab1fbfc53a46ab0018826286940) Importer(815301076,1909f56bfc062723c751e8b465ee728b) (PreviewImporter) -> (artifact id: '74c1eb771f7aad3395b2fdbe13e1dd6e') in 0.0605221 seconds
Number of updated asset objects reloaded before import = 0Number of asset objects unloaded after import = 719

========================================================================
Received Import Request.
  Time since last request: 0.000017 seconds.
  path: Assets/외부 에셋/Gif/Ruccho/FangAutoTile/Sample/Tiles/yama.asset
  artifactKey: Guid(224c37a459180b74eb6f9584e0976131) Importer(815301076,1909f56bfc062723c751e8b465ee728b)
Start importing Assets/외부 에셋/Gif/Ruccho/FangAutoTile/Sample/Tiles/yama.asset using Guid(224c37a459180b74eb6f9584e0976131) Importer(815301076,1909f56bfc062723c751e8b465ee728b) (PreviewImporter) -> (artifact id: '789660bb3a5c95d3eb892b535959df01') in 0.0604736 seconds
Number of updated asset objects reloaded before import = 0Number of asset objects unloaded after import = 719

========================================================================
Received Import Request.
  Time since last request: 16.641435 seconds.
  path: Assets/외부 에셋/M STUDIO
  artifactKey: Guid(b8bd5b17f24754da6883eeda5164037e) Importer(815301076,1909f56bfc062723c751e8b465ee728b)
Start importing Assets/외부 에셋/M STUDIO using Guid(b8bd5b17f24754da6883eeda5164037e) Importer(815301076,1909f56bfc062723c751e8b465ee728b) (PreviewImporter) -> (artifact id: 'e339f5ee58de6e8a654ece68318c2bf8') in 0.00049 seconds
Number of updated asset objects reloaded before import = 0Number of asset objects unloaded after import = 0

========================================================================
Received Import Request.
  Time since last request: 1.444682 seconds.
  path: Assets/외부 에셋/M STUDIO/Card Game Kit
  artifactKey: Guid(42787840970e8418fb17da93b8cfb1b3) Importer(815301076,1909f56bfc062723c751e8b465ee728b)
Start importing Assets/외부 에셋/M STUDIO/Card Game Kit using Guid(42787840970e8418fb17da93b8cfb1b3) Importer(815301076,1909f56bfc062723c751e8b465ee728b) (PreviewImporter) -> (artifact id: '55f4734deb23596c10d7821e93ca1440') in 0.000531 seconds
Number of updated asset objects reloaded before import = 0Number of asset objects unloaded after import = 0

========================================================================
Received Import Request.
  Time since last request: 2.439295 seconds.
  path: Assets/외부 에셋/M STUDIO/Card Game Kit/Base Assets
  artifactKey: Guid(8a1c1b94cf3944e8c8d4f9794b951c8d) Importer(815301076,1909f56bfc062723c751e8b465ee728b)
Start importing Assets/외부 에셋/M STUDIO/Card Game Kit/Base Assets using Guid(8a1c1b94cf3944e8c8d4f9794b951c8d) Importer(815301076,1909f56bfc062723c751e8b465ee728b) (PreviewImporter) -> (artifact id: 'fd7038d79ce6dc3d2f45cf23ae14acde') in 0.0004255 seconds
Number of updated asset objects reloaded before import = 0Number of asset objects unloaded after import = 0

========================================================================
Received Import Request.
  Time since last request: 1.090240 seconds.
  path: Assets/외부 에셋/M STUDIO/Card Game Kit/Base Assets/Card/card_background.png
  artifactKey: Guid(d5dea4558803f48b1aa1a761a895692c) Importer(815301076,1909f56bfc062723c751e8b465ee728b)
Start importing Assets/외부 에셋/M STUDIO/Card Game Kit/Base Assets/Card/card_background.png using Guid(d5dea4558803f48b1aa1a761a895692c) Importer(815301076,1909f56bfc062723c751e8b465ee728b) (PreviewImporter) -> (artifact id: 'fbbd7efb34c309a2581862bff1ee7908') in 0.0192425 seconds
Number of updated asset objects reloaded before import = 0Number of asset objects unloaded after import = 3

========================================================================
Received Import Request.
  Time since last request: 0.000013 seconds.
  path: Assets/외부 에셋/M STUDIO/Card Game Kit/Base Assets/Card
  artifactKey: Guid(51c74dde316ac41099bf426d8883c138) Importer(815301076,1909f56bfc062723c751e8b465ee728b)
Start importing Assets/외부 에셋/M STUDIO/Card Game Kit/Base Assets/Card using Guid(51c74dde316ac41099bf426d8883c138) Importer(815301076,1909f56bfc062723c751e8b465ee728b) (PreviewImporter) -> (artifact id: '12f357cf1078051d8b79ca11fd9fcd64') in 0.0006595 seconds
Number of updated asset objects reloaded before import = 0Number of asset objects unloaded after import = 0

========================================================================
Received Import Request.
  Time since last request: 5.225918 seconds.
  path: Assets/외부 에셋/M STUDIO/Card Game Kit/Base Assets/Intents/buff_attack.png
  artifactKey: Guid(a34550cedb3234dc085a67e7fb9bf5c8) Importer(815301076,1909f56bfc062723c751e8b465ee728b)
Start importing Assets/외부 에셋/M STUDIO/Card Game Kit/Base Assets/Intents/buff_attack.png using Guid(a34550cedb3234dc085a67e7fb9bf5c8) Importer(815301076,1909f56bfc062723c751e8b465ee728b) (PreviewImporter) -> (artifact id: 'ed67bc2011d8bdc5e5791b95911f838c') in 0.0123667 seconds
Number of updated asset objects reloaded before import = 0Number of asset objects unloaded after import = 3

========================================================================
Received Import Request.
  Time since last request: 0.000014 seconds.
  path: Assets/외부 에셋/M STUDIO/Card Game Kit/Base Assets/Intents/panel_defense_green.png
  artifactKey: Guid(ee42ae6b2be584cdb94479582452c861) Importer(815301076,1909f56bfc062723c751e8b465ee728b)
Start importing Assets/외부 에셋/M STUDIO/Card Game Kit/Base Assets/Intents/panel_defense_green.png using Guid(ee42ae6b2be584cdb94479582452c861) Importer(815301076,1909f56bfc062723c751e8b465ee728b) (PreviewImporter) -> (artifact id: 'bee1f19c50617197c3417d384675ce59') in 0.0201165 seconds
Number of updated asset objects reloaded before import = 0Number of asset objects unloaded after import = 3

========================================================================
Received Import Request.
  Time since last request: 3.242915 seconds.
  path: Assets/외부 에셋/M STUDIO/Card Game Kit/Base Assets/Map Icons/01.png
  artifactKey: Guid(a061c3a2654774fb68847ee59bdaede4) Importer(815301076,1909f56bfc062723c751e8b465ee728b)
Start importing Assets/외부 에셋/M STUDIO/Card Game Kit/Base Assets/Map Icons/01.png using Guid(a061c3a2654774fb68847ee59bdaede4) Importer(815301076,1909f56bfc062723c751e8b465ee728b) (PreviewImporter) -> (artifact id: '0ff95401735862989b9e780f342c25ff') in 0.0146053 seconds
Number of updated asset objects reloaded before import = 0Number of asset objects unloaded after import = 3

========================================================================
Received Import Request.
  Time since last request: 0.000018 seconds.
  path: Assets/외부 에셋/M STUDIO/Card Game Kit/Base Assets/Map Icons/C01.png
  artifactKey: Guid(53f768cd6c72b4bf49bfd4f889b8246d) Importer(815301076,1909f56bfc062723c751e8b465ee728b)
Start importing Assets/외부 에셋/M STUDIO/Card Game Kit/Base Assets/Map Icons/C01.png using Guid(53f768cd6c72b4bf49bfd4f889b8246d) Importer(815301076,1909f56bfc062723c751e8b465ee728b) (PreviewImporter) -> (artifact id: 'ace56da6fd75e7c50ceff5c6dd2ec85c') in 0.0127965 seconds
Number of updated asset objects reloaded before import = 0Number of asset objects unloaded after import = 3

========================================================================
Received Import Request.
  Time since last request: 0.000012 seconds.
  path: Assets/외부 에셋/M STUDIO/Card Game Kit/Base Assets/Map Icons/C07.png
  artifactKey: Guid(10082a7a9943c40d7be3902646b413f2) Importer(815301076,1909f56bfc062723c751e8b465ee728b)
Start importing Assets/외부 에셋/M STUDIO/Card Game Kit/Base Assets/Map Icons/C07.png using Guid(10082a7a9943c40d7be3902646b413f2) Importer(815301076,1909f56bfc062723c751e8b465ee728b) (PreviewImporter) -> (artifact id: '904b325a6ec0e55778d38f124de8f758') in 0.0141536 seconds
Number of updated asset objects reloaded before import = 0Number of asset objects unloaded after import = 3

========================================================================
Received Import Request.
  Time since last request: 0.000014 seconds.
  path: Assets/외부 에셋/M STUDIO/Card Game Kit/Base Assets/Map Icons/09.png
  artifactKey: Guid(0ce208f8f0a7e4b7c85456c91a775378) Importer(815301076,1909f56bfc062723c751e8b465ee728b)
Start importing Assets/외부 에셋/M STUDIO/Card Game Kit/Base Assets/Map Icons/09.png using Guid(0ce208f8f0a7e4b7c85456c91a775378) Importer(815301076,1909f56bfc062723c751e8b465ee728b) (PreviewImporter) -> (artifact id: 'f2b2e2ea458feba4ad0f401496046028') in 0.0157167 seconds
Number of updated asset objects reloaded before import = 0Number of asset objects unloaded after import = 3

========================================================================
Received Import Request.
  Time since last request: 0.000027 seconds.
  path: Assets/외부 에셋/M STUDIO/Card Game Kit/Base Assets/Map Icons/C04.png
  artifactKey: Guid(b3a299854c34b45728bd27a3e7c67c75) Importer(815301076,1909f56bfc062723c751e8b465ee728b)
Start importing Assets/외부 에셋/M STUDIO/Card Game Kit/Base Assets/Map Icons/C04.png using Guid(b3a299854c34b45728bd27a3e7c67c75) Importer(815301076,1909f56bfc062723c751e8b465ee728b) (PreviewImporter) -> (artifact id: 'f08a1b163762b953ec1302a6e9891c7d') in 0.01312 seconds
Number of updated asset objects reloaded before import = 0Number of asset objects unloaded after import = 3

