Using pre-set license
Built from '6000.0/staging' branch; Version is '6000.0.48f1 (170d2541580d) revision 1510693'; Using compiler version '193933523'; Build Type 'Release'
OS: 'Windows 11  (10.0.26100) 64bit Core' Language: 'ko' Physical Memory: 31849 MB
BatchMode: 1, IsHumanControllingUs: 0, StartBugReporterOnCrash: 0, Is64bit: 1, IsPro: 1

COMMAND LINE ARGUMENTS:
C:\Program Files\Unity\Hub\Editor\6000.0.48f1\Editor\Unity.exe
-adb2
-batchMode
-noUpm
-name
AssetImportWorker2
-projectPath
C:/Users/c/Desktop/프로젝트/MyProject
-logFile
Logs/AssetImportWorker2.log
-srvPort
50769
-job-worker-count
7
-background-job-worker-count
8
-gc-helper-count
1
Successfully changed project path to: C:/Users/c/Desktop/프로젝트/MyProject
C:/Users/c/Desktop/프로젝트/MyProject
[UnityMemory] Configuration Parameters - Can be set up in boot.config
    "memorysetup-bucket-allocator-granularity=16"
    "memorysetup-bucket-allocator-bucket-count=8"
    "memorysetup-bucket-allocator-block-size=33554432"
    "memorysetup-bucket-allocator-block-count=8"
    "memorysetup-main-allocator-block-size=16777216"
    "memorysetup-thread-allocator-block-size=16777216"
    "memorysetup-gfx-main-allocator-block-size=16777216"
    "memorysetup-gfx-thread-allocator-block-size=16777216"
    "memorysetup-cache-allocator-block-size=4194304"
    "memorysetup-typetree-allocator-block-size=2097152"
    "memorysetup-profiler-bucket-allocator-granularity=16"
    "memorysetup-profiler-bucket-allocator-bucket-count=8"
    "memorysetup-profiler-bucket-allocator-block-size=33554432"
    "memorysetup-profiler-bucket-allocator-block-count=8"
    "memorysetup-profiler-allocator-block-size=16777216"
    "memorysetup-profiler-editor-allocator-block-size=1048576"
    "memorysetup-temp-allocator-size-main=16777216"
    "memorysetup-job-temp-allocator-block-size=2097152"
    "memorysetup-job-temp-allocator-block-size-background=1048576"
    "memorysetup-job-temp-allocator-reduction-small-platforms=262144"
    "memorysetup-allocator-temp-initial-block-size-main=262144"
    "memorysetup-allocator-temp-initial-block-size-worker=262144"
    "memorysetup-temp-allocator-size-background-worker=32768"
    "memorysetup-temp-allocator-size-job-worker=262144"
    "memorysetup-temp-allocator-size-preload-manager=33554432"
    "memorysetup-temp-allocator-size-nav-mesh-worker=65536"
    "memorysetup-temp-allocator-size-audio-worker=65536"
    "memorysetup-temp-allocator-size-cloud-worker=32768"
    "memorysetup-temp-allocator-size-gi-baking-worker=262144"
    "memorysetup-temp-allocator-size-gi-baking-worker=262144"
    "memorysetup-temp-allocator-size-gi-baking-worker=262144"
    "memorysetup-temp-allocator-size-gi-baking-worker=262144"
    "memorysetup-temp-allocator-size-gi-baking-worker=262144"
    "memorysetup-temp-allocator-size-gfx=262144"
Player connection [8856]  Target information:

Player connection [8856]  * "[IP] 192.168.219.106 [Port] 0 [Flags] 2 [Guid] 282357199 [EditorId] 282357199 [Version] 1048832 [Id] WindowsEditor(7,DESKTOP-PDUOFTE) [Debug] 1 [PackageName] WindowsEditor [ProjectName] Editor" 

Player connection [8856] Host joined multi-casting on [225.0.0.222:54997]...
Player connection [8856] Host joined alternative multi-casting on [225.0.0.222:34997]...
JobSystem: Creating JobQueue using job-worker-count value 7
Input System module state changed to: Initialized.
[Physics::Module] Initialized fallback backend.
[Physics::Module] Id: 0xdecafbad
Library Redirect Path: Library/
[Physics::Module] Selected backend.
[Physics::Module] Name: PhysX
[Physics::Module] Id: 0xf2b8ea05
[Physics::Module] SDK Version: 4.1.2
[Physics::Module] Integration Version: 1.0.0
[Physics::Module] Threading Mode: Multi-Threaded
Refreshing native plugins compatible for Editor in 1.77 ms, found 4 plugins.
Preloading 0 native plugins for Editor in 0.00 ms.
Initialize engine version: 6000.0.48f1 (170d2541580d)
[Subsystems] Discovering subsystems at path C:/Program Files/Unity/Hub/Editor/6000.0.48f1/Editor/Data/Resources/UnitySubsystems
[Subsystems] Discovering subsystems at path C:/Users/c/Desktop/프로젝트/MyProject/Assets
GfxDevice: creating device client; kGfxThreadingModeNonThreaded
Direct3D:
    Version:  Direct3D 11.0 [level 11.1]
    Renderer: AMD Radeon RX 9070 XT (ID=0x7550)
    Vendor:   ATI
    VRAM:     16304 MB
    Driver:   32.0.21013.1000
Initialize mono
Mono path[0] = 'C:/Program Files/Unity/Hub/Editor/6000.0.48f1/Editor/Data/Managed'
Mono path[1] = 'C:/Program Files/Unity/Hub/Editor/6000.0.48f1/Editor/Data/MonoBleedingEdge/lib/mono/unityjit-win32'
Mono config path = 'C:/Program Files/Unity/Hub/Editor/6000.0.48f1/Editor/Data/MonoBleedingEdge/etc'
Using monoOptions --debugger-agent=transport=dt_socket,embedding=1,server=y,suspend=n,address=127.0.0.1:56932
Begin MonoManager ReloadAssembly
Registering precompiled unity dll's ...
Register platform support module: C:/Program Files/Unity/Hub/Editor/6000.0.48f1/Editor/Data/PlaybackEngines/WindowsStandaloneSupport/UnityEditor.WindowsStandalone.Extensions.dll
Registered in 0.001789 seconds.
- Loaded All Assemblies, in  0.244 seconds
Native extension for WindowsStandalone target not found
Mono: successfully reloaded assembly
- Finished resetting the current domain, in  0.228 seconds
Domain Reload Profiling: 470ms
	BeginReloadAssembly (84ms)
		ExecutionOrderSort (0ms)
		DisableScriptedObjects (0ms)
		BackupInstance (0ms)
		ReleaseScriptingObjects (0ms)
		CreateAndSetChildDomain (1ms)
	RebuildCommonClasses (23ms)
	RebuildNativeTypeToScriptingClass (7ms)
	initialDomainReloadingComplete (30ms)
	LoadAllAssembliesAndSetupDomain (99ms)
		LoadAssemblies (81ms)
		RebuildTransferFunctionScriptingTraits (0ms)
		AnalyzeDomain (98ms)
			TypeCache.Refresh (97ms)
				TypeCache.ScanAssembly (88ms)
			BuildScriptInfoCaches (0ms)
			ResolveRequiredComponents (0ms)
	FinalizeReload (228ms)
		ReleaseScriptCaches (0ms)
		RebuildScriptCaches (0ms)
		SetupLoadedEditorAssemblies (197ms)
			LogAssemblyErrors (0ms)
			InitializePlatformSupportModulesInManaged (14ms)
			SetLoadedEditorAssemblies (3ms)
			BeforeProcessingInitializeOnLoad (40ms)
			ProcessInitializeOnLoadAttributes (104ms)
			ProcessInitializeOnLoadMethodAttributes (36ms)
			AfterProcessingInitializeOnLoad (0ms)
			EditorAssembliesLoaded (0ms)
		ExecutionOrderSort2 (0ms)
		AwakeInstancesAfterBackupRestoration (0ms)
========================================================================
Worker process is ready to serve import requests
Import Worker Mode flag is 0x00
Begin MonoManager ReloadAssembly
- Loaded All Assemblies, in  0.531 seconds
Refreshing native plugins compatible for Editor in 1.17 ms, found 4 plugins.
Native extension for WindowsStandalone target not found
Mono: successfully reloaded assembly
- Finished resetting the current domain, in  0.444 seconds
Domain Reload Profiling: 971ms
	BeginReloadAssembly (115ms)
		ExecutionOrderSort (0ms)
		DisableScriptedObjects (4ms)
		BackupInstance (0ms)
		ReleaseScriptingObjects (0ms)
		CreateAndSetChildDomain (28ms)
	RebuildCommonClasses (22ms)
	RebuildNativeTypeToScriptingClass (8ms)
	initialDomainReloadingComplete (24ms)
	LoadAllAssembliesAndSetupDomain (359ms)
		LoadAssemblies (240ms)
		RebuildTransferFunctionScriptingTraits (0ms)
		AnalyzeDomain (183ms)
			TypeCache.Refresh (135ms)
				TypeCache.ScanAssembly (122ms)
			BuildScriptInfoCaches (37ms)
			ResolveRequiredComponents (7ms)
	FinalizeReload (444ms)
		ReleaseScriptCaches (0ms)
		RebuildScriptCaches (0ms)
		SetupLoadedEditorAssemblies (351ms)
			LogAssemblyErrors (0ms)
			InitializePlatformSupportModulesInManaged (1ms)
			SetLoadedEditorAssemblies (2ms)
			BeforeProcessingInitializeOnLoad (81ms)
			ProcessInitializeOnLoadAttributes (206ms)
			ProcessInitializeOnLoadMethodAttributes (57ms)
			AfterProcessingInitializeOnLoad (3ms)
			EditorAssembliesLoaded (0ms)
		ExecutionOrderSort2 (0ms)
		AwakeInstancesAfterBackupRestoration (4ms)
Launched and connected shader compiler UnityShaderCompiler.exe after 0.01 seconds
Refreshing native plugins compatible for Editor in 1.08 ms, found 4 plugins.
Preloading 0 native plugins for Editor in 0.00 ms.
Unloading 212 Unused Serialized files (Serialized files now loaded: 0)
Unloading 6585 unused Assets / (3.8 MB). Loaded Objects now: 7289.
Memory consumption went from 195.3 MB to 191.6 MB.
Total: 5.301800 ms (FindLiveObjects: 0.611100 ms CreateObjectMapping: 0.163500 ms MarkObjects: 3.033100 ms  DeleteObjects: 1.493100 ms)

========================================================================
Received Import Request.
  Time since last request: 1214.874616 seconds.
  path: Assets/외부 에셋/Gif/Ruccho/FangAutoTile/Sample/Sample/sample.asset
  artifactKey: Guid(bd65f31527138da40a04eb2071fec7d0) Importer(815301076,1909f56bfc062723c751e8b465ee728b)
Start importing Assets/외부 에셋/Gif/Ruccho/FangAutoTile/Sample/Sample/sample.asset using Guid(bd65f31527138da40a04eb2071fec7d0) Importer(815301076,1909f56bfc062723c751e8b465ee728b) (PreviewImporter) -> (artifact id: '2226d9a08281e3749b4a23f87e684f16') in 0.0512342 seconds
Number of updated asset objects reloaded before import = 0Number of asset objects unloaded after import = 51

========================================================================
Received Import Request.
  Time since last request: 54.496360 seconds.
  path: Assets/외부 에셋/Gif/Super_Retro_Collection
  artifactKey: Guid(988806f926ab33f42bca7d9d16474f5d) Importer(815301076,1909f56bfc062723c751e8b465ee728b)
Start importing Assets/외부 에셋/Gif/Super_Retro_Collection using Guid(988806f926ab33f42bca7d9d16474f5d) Importer(815301076,1909f56bfc062723c751e8b465ee728b) (PreviewImporter) -> (artifact id: '61e56239140e92715a62d82d6543cea9') in 0.0006183 seconds
Number of updated asset objects reloaded before import = 0Number of asset objects unloaded after import = 0

========================================================================
Received Import Request.
  Time since last request: 2.789036 seconds.
  path: Assets/외부 에셋/Gif/Super_Retro_Collection/Samples
  artifactKey: Guid(a6589621d57fdc64a80f7e90ee1824eb) Importer(815301076,1909f56bfc062723c751e8b465ee728b)
Start importing Assets/외부 에셋/Gif/Super_Retro_Collection/Samples using Guid(a6589621d57fdc64a80f7e90ee1824eb) Importer(815301076,1909f56bfc062723c751e8b465ee728b) (PreviewImporter) -> (artifact id: '1441060460ad9457a76541b1eb918ad1') in 0.0005605 seconds
Number of updated asset objects reloaded before import = 0Number of asset objects unloaded after import = 0

========================================================================
Received Import Request.
  Time since last request: 4.977697 seconds.
  path: Assets/외부 에셋/Gif/Super_Retro_Collection/Scripts
  artifactKey: Guid(cae3eb172ba6eba4bb41782a85c4785e) Importer(815301076,1909f56bfc062723c751e8b465ee728b)
Start importing Assets/외부 에셋/Gif/Super_Retro_Collection/Scripts using Guid(cae3eb172ba6eba4bb41782a85c4785e) Importer(815301076,1909f56bfc062723c751e8b465ee728b) (PreviewImporter) -> (artifact id: 'ac42147e23386573da2b91074f84c3e8') in 0.0004365 seconds
Number of updated asset objects reloaded before import = 0Number of asset objects unloaded after import = 0

========================================================================
Received Import Request.
  Time since last request: 3.274325 seconds.
  path: Assets/외부 에셋/Gif/Super_Retro_Collection/Resources
  artifactKey: Guid(0b18749462a746840935f7f835cd7ceb) Importer(815301076,1909f56bfc062723c751e8b465ee728b)
Start importing Assets/외부 에셋/Gif/Super_Retro_Collection/Resources using Guid(0b18749462a746840935f7f835cd7ceb) Importer(815301076,1909f56bfc062723c751e8b465ee728b) (PreviewImporter) -> (artifact id: 'dc6792dd22a463a7b73a109a9a503593') in 0.0004376 seconds
Number of updated asset objects reloaded before import = 0Number of asset objects unloaded after import = 0

========================================================================
Received Import Request.
  Time since last request: 0.052682 seconds.
  path: Assets/외부 에셋/Gif/Super_Retro_Collection/Resources/color_palette.png
  artifactKey: Guid(e26ce664a24625b4c994b74f7797efb4) Importer(815301076,1909f56bfc062723c751e8b465ee728b)
Start importing Assets/외부 에셋/Gif/Super_Retro_Collection/Resources/color_palette.png using Guid(e26ce664a24625b4c994b74f7797efb4) Importer(815301076,1909f56bfc062723c751e8b465ee728b) (PreviewImporter) -> (artifact id: '3b92c14491cfdc8ba09d229b5523a2b2') in 0.0477982 seconds
Number of updated asset objects reloaded before import = 0Number of asset objects unloaded after import = 3

========================================================================
Received Import Request.
  Time since last request: 7.137183 seconds.
  path: Assets/외부 에셋/Gif/Super_Retro_Collection/Resources/Characters/CharaNude.png
  artifactKey: Guid(a0a073b4ac48934468848e1188d8a3b7) Importer(815301076,1909f56bfc062723c751e8b465ee728b)
Start importing Assets/외부 에셋/Gif/Super_Retro_Collection/Resources/Characters/CharaNude.png using Guid(a0a073b4ac48934468848e1188d8a3b7) Importer(815301076,1909f56bfc062723c751e8b465ee728b) (PreviewImporter) -> (artifact id: '376d78cf4c36cc09b12e2512329f5eeb') in 0.0099858 seconds
Number of updated asset objects reloaded before import = 0Number of asset objects unloaded after import = 2

========================================================================
Received Import Request.
  Time since last request: 1.095870 seconds.
  path: Assets/외부 에셋/Gif/Super_Retro_Collection/Resources/Characters/chara_03/spritesheet.png
  artifactKey: Guid(2279d2d97cee4a24785a38cf23d6faf6) Importer(815301076,1909f56bfc062723c751e8b465ee728b)
Start importing Assets/외부 에셋/Gif/Super_Retro_Collection/Resources/Characters/chara_03/spritesheet.png using Guid(2279d2d97cee4a24785a38cf23d6faf6) Importer(815301076,1909f56bfc062723c751e8b465ee728b) (PreviewImporter) -> (artifact id: '3caeb933b99c311899d6a5835df87299') in 0.0208001 seconds
Number of updated asset objects reloaded before import = 0Number of asset objects unloaded after import = 14

========================================================================
Received Import Request.
  Time since last request: 11.435916 seconds.
  path: Assets/외부 에셋/Gif/Super_Retro_Collection/Resources/Backgrounds/DesertA.png
  artifactKey: Guid(9f7f983eac3617b4d8a3f9c69caa9b3e) Importer(815301076,1909f56bfc062723c751e8b465ee728b)
Start importing Assets/외부 에셋/Gif/Super_Retro_Collection/Resources/Backgrounds/DesertA.png using Guid(9f7f983eac3617b4d8a3f9c69caa9b3e) Importer(815301076,1909f56bfc062723c751e8b465ee728b) (PreviewImporter) -> (artifact id: 'cc6ea9ddb163ffd4a9dbdda25bee453a') in 0.0136711 seconds
Number of updated asset objects reloaded before import = 0Number of asset objects unloaded after import = 3

========================================================================
Received Import Request.
  Time since last request: 0.000014 seconds.
  path: Assets/외부 에셋/Gif/Super_Retro_Collection/Resources/Backgrounds/DungeonC.png
  artifactKey: Guid(9133d12b26499ee438d7cca521f2c1bb) Importer(815301076,1909f56bfc062723c751e8b465ee728b)
Start importing Assets/외부 에셋/Gif/Super_Retro_Collection/Resources/Backgrounds/DungeonC.png using Guid(9133d12b26499ee438d7cca521f2c1bb) Importer(815301076,1909f56bfc062723c751e8b465ee728b) (PreviewImporter) -> (artifact id: '303019cf485a468654de5bf83890d6ce') in 0.0143016 seconds
Number of updated asset objects reloaded before import = 0Number of asset objects unloaded after import = 3

========================================================================
Received Import Request.
  Time since last request: 0.000015 seconds.
  path: Assets/외부 에셋/Gif/Super_Retro_Collection/Resources/Backgrounds
  artifactKey: Guid(63b1756d4ce63154ea71593fb7a762e8) Importer(815301076,1909f56bfc062723c751e8b465ee728b)
Start importing Assets/외부 에셋/Gif/Super_Retro_Collection/Resources/Backgrounds using Guid(63b1756d4ce63154ea71593fb7a762e8) Importer(815301076,1909f56bfc062723c751e8b465ee728b) (PreviewImporter) -> (artifact id: '6d51ae15a235247a73dd3cff60a5ca22') in 0.0004603 seconds
Number of updated asset objects reloaded before import = 0Number of asset objects unloaded after import = 0

========================================================================
Received Import Request.
  Time since last request: 0.000015 seconds.
  path: Assets/외부 에셋/Gif/Super_Retro_Collection/Resources/Backgrounds/PlainB.png
  artifactKey: Guid(03ed5b69189f0394a83002b356bdf8cc) Importer(815301076,1909f56bfc062723c751e8b465ee728b)
Start importing Assets/외부 에셋/Gif/Super_Retro_Collection/Resources/Backgrounds/PlainB.png using Guid(03ed5b69189f0394a83002b356bdf8cc) Importer(815301076,1909f56bfc062723c751e8b465ee728b) (PreviewImporter) -> (artifact id: '03521ac536817f608c29706a3e50d769') in 0.0145338 seconds
Number of updated asset objects reloaded before import = 0Number of asset objects unloaded after import = 3

========================================================================
Received Import Request.
  Time since last request: 0.000017 seconds.
  path: Assets/외부 에셋/Gif/Super_Retro_Collection/Resources/Backgrounds/DungeonD.png
  artifactKey: Guid(957e1d00a8fe7b0498055adc5590517f) Importer(815301076,1909f56bfc062723c751e8b465ee728b)
Start importing Assets/외부 에셋/Gif/Super_Retro_Collection/Resources/Backgrounds/DungeonD.png using Guid(957e1d00a8fe7b0498055adc5590517f) Importer(815301076,1909f56bfc062723c751e8b465ee728b) (PreviewImporter) -> (artifact id: 'c4db38ccb6dd4579d6d3a28af279cde8') in 0.0122677 seconds
Number of updated asset objects reloaded before import = 0Number of asset objects unloaded after import = 3

========================================================================
Received Import Request.
  Time since last request: 0.000028 seconds.
  path: Assets/외부 에셋/Gif/Super_Retro_Collection/Resources/Backgrounds/ForestA.png
  artifactKey: Guid(e7afcbf56ed58a84f9f219184f718271) Importer(815301076,1909f56bfc062723c751e8b465ee728b)
Start importing Assets/외부 에셋/Gif/Super_Retro_Collection/Resources/Backgrounds/ForestA.png using Guid(e7afcbf56ed58a84f9f219184f718271) Importer(815301076,1909f56bfc062723c751e8b465ee728b) (PreviewImporter) -> (artifact id: '33f4f1824e5ec1ab34130f448c60697c') in 0.0120436 seconds
Number of updated asset objects reloaded before import = 0Number of asset objects unloaded after import = 3

========================================================================
Received Import Request.
  Time since last request: 4.737590 seconds.
  path: Assets/외부 에셋/Gif/Super_Retro_Collection/Resources/Battlers/BlackMagusB.png
  artifactKey: Guid(5f01bc3c2aa3652488d515000823355e) Importer(815301076,1909f56bfc062723c751e8b465ee728b)
Start importing Assets/외부 에셋/Gif/Super_Retro_Collection/Resources/Battlers/BlackMagusB.png using Guid(5f01bc3c2aa3652488d515000823355e) Importer(815301076,1909f56bfc062723c751e8b465ee728b) (PreviewImporter) -> (artifact id: '484eee8181f6acf4747ca7f37463c43b') in 0.0110305 seconds
Number of updated asset objects reloaded before import = 0Number of asset objects unloaded after import = 3

========================================================================
Received Import Request.
  Time since last request: 0.000015 seconds.
  path: Assets/외부 에셋/Gif/Super_Retro_Collection/Resources/Battlers/SlimeH.png
  artifactKey: Guid(f57388085108ba94cbfa19ad14fcfff1) Importer(815301076,1909f56bfc062723c751e8b465ee728b)
Start importing Assets/외부 에셋/Gif/Super_Retro_Collection/Resources/Battlers/SlimeH.png using Guid(f57388085108ba94cbfa19ad14fcfff1) Importer(815301076,1909f56bfc062723c751e8b465ee728b) (PreviewImporter) -> (artifact id: '3c3cb743fb1a910a1bb9d3a0c1781f06') in 0.0192915 seconds
Number of updated asset objects reloaded before import = 0Number of asset objects unloaded after import = 3

========================================================================
Received Import Request.
  Time since last request: 0.000018 seconds.
  path: Assets/외부 에셋/Gif/Super_Retro_Collection/Resources/Battlers/SuccubusB.png
  artifactKey: Guid(9c3da959355b09c40b2d77ffe1824ba5) Importer(815301076,1909f56bfc062723c751e8b465ee728b)
Start importing Assets/외부 에셋/Gif/Super_Retro_Collection/Resources/Battlers/SuccubusB.png using Guid(9c3da959355b09c40b2d77ffe1824ba5) Importer(815301076,1909f56bfc062723c751e8b465ee728b) (PreviewImporter) -> (artifact id: '5e382f4a71e57d1f72ac1e38904873f5') in 0.0120948 seconds
Number of updated asset objects reloaded before import = 0Number of asset objects unloaded after import = 3

========================================================================
Received Import Request.
  Time since last request: 0.000015 seconds.
  path: Assets/외부 에셋/Gif/Super_Retro_Collection/Resources/Battlers/SlimeswordC.png
  artifactKey: Guid(3b8002305b532b9469cc5def1f1a2913) Importer(815301076,1909f56bfc062723c751e8b465ee728b)
Start importing Assets/외부 에셋/Gif/Super_Retro_Collection/Resources/Battlers/SlimeswordC.png using Guid(3b8002305b532b9469cc5def1f1a2913) Importer(815301076,1909f56bfc062723c751e8b465ee728b) (PreviewImporter) -> (artifact id: 'ababcb8202b1039bdc4b9bbc79a8d651') in 0.010436 seconds
Number of updated asset objects reloaded before import = 0Number of asset objects unloaded after import = 3

========================================================================
Received Import Request.
  Time since last request: 0.000015 seconds.
  path: Assets/외부 에셋/Gif/Super_Retro_Collection/Resources/Battlers/SkeletonwarriorA.png
  artifactKey: Guid(126deb8c160c03444b095e12fbcf3027) Importer(815301076,1909f56bfc062723c751e8b465ee728b)
Start importing Assets/외부 에셋/Gif/Super_Retro_Collection/Resources/Battlers/SkeletonwarriorA.png using Guid(126deb8c160c03444b095e12fbcf3027) Importer(815301076,1909f56bfc062723c751e8b465ee728b) (PreviewImporter) -> (artifact id: '03c51c23a6c72fda3c2e01a17393a2eb') in 0.0102097 seconds
Number of updated asset objects reloaded before import = 0Number of asset objects unloaded after import = 3

========================================================================
Received Import Request.
  Time since last request: 0.000031 seconds.
  path: Assets/외부 에셋/Gif/Super_Retro_Collection/Resources/Battlers/LamiaB.png
  artifactKey: Guid(121edcdb2686fc0478ac7f9d6fa03455) Importer(815301076,1909f56bfc062723c751e8b465ee728b)
Start importing Assets/외부 에셋/Gif/Super_Retro_Collection/Resources/Battlers/LamiaB.png using Guid(121edcdb2686fc0478ac7f9d6fa03455) Importer(815301076,1909f56bfc062723c751e8b465ee728b) (PreviewImporter) -> (artifact id: '3474dfa85ebd9dd6c664a143fc8b3b2b') in 0.011343 seconds
Number of updated asset objects reloaded before import = 0Number of asset objects unloaded after import = 3

========================================================================
Received Import Request.
  Time since last request: 0.000012 seconds.
  path: Assets/외부 에셋/Gif/Super_Retro_Collection/Resources/Battlers/SkeletonA.png
  artifactKey: Guid(a7435114aa8468246a8f48893ead5d63) Importer(815301076,1909f56bfc062723c751e8b465ee728b)
Start importing Assets/외부 에셋/Gif/Super_Retro_Collection/Resources/Battlers/SkeletonA.png using Guid(a7435114aa8468246a8f48893ead5d63) Importer(815301076,1909f56bfc062723c751e8b465ee728b) (PreviewImporter) -> (artifact id: '28f69cb18f86b701b5207f4bf0c42727') in 0.0121415 seconds
Number of updated asset objects reloaded before import = 0Number of asset objects unloaded after import = 3

========================================================================
Received Import Request.
  Time since last request: 0.000015 seconds.
  path: Assets/외부 에셋/Gif/Super_Retro_Collection/Resources/Battlers/SlimeswordE.png
  artifactKey: Guid(9548e615fd38e614bb95c87ca296bdab) Importer(815301076,1909f56bfc062723c751e8b465ee728b)
Start importing Assets/외부 에셋/Gif/Super_Retro_Collection/Resources/Battlers/SlimeswordE.png using Guid(9548e615fd38e614bb95c87ca296bdab) Importer(815301076,1909f56bfc062723c751e8b465ee728b) (PreviewImporter) -> (artifact id: 'fc0c51a71989f5b20438e9b4eaa933db') in 0.0106059 seconds
Number of updated asset objects reloaded before import = 0Number of asset objects unloaded after import = 3

========================================================================
Received Import Request.
  Time since last request: 0.000012 seconds.
  path: Assets/외부 에셋/Gif/Super_Retro_Collection/Resources/Battlers/WaspC.png
  artifactKey: Guid(146ffaccfd47da446b6d14929c6d343d) Importer(815301076,1909f56bfc062723c751e8b465ee728b)
Start importing Assets/외부 에셋/Gif/Super_Retro_Collection/Resources/Battlers/WaspC.png using Guid(146ffaccfd47da446b6d14929c6d343d) Importer(815301076,1909f56bfc062723c751e8b465ee728b) (PreviewImporter) -> (artifact id: 'be62d80cf8cfb92aafe6dd30a9fe92a2') in 0.0108979 seconds
Number of updated asset objects reloaded before import = 0Number of asset objects unloaded after import = 3

========================================================================
Received Import Request.
  Time since last request: 0.000014 seconds.
  path: Assets/외부 에셋/Gif/Super_Retro_Collection/Resources/Battlers/GhostA.png
  artifactKey: Guid(bc62e62e894a99b4f9020503e063cb39) Importer(815301076,1909f56bfc062723c751e8b465ee728b)
Start importing Assets/외부 에셋/Gif/Super_Retro_Collection/Resources/Battlers/GhostA.png using Guid(bc62e62e894a99b4f9020503e063cb39) Importer(815301076,1909f56bfc062723c751e8b465ee728b) (PreviewImporter) -> (artifact id: '75aed9487158bb472586f120aad7adb1') in 0.0114537 seconds
Number of updated asset objects reloaded before import = 0Number of asset objects unloaded after import = 3

========================================================================
Received Import Request.
  Time since last request: 0.000011 seconds.
  path: Assets/외부 에셋/Gif/Super_Retro_Collection/Resources/Battlers/ZombiA.png
  artifactKey: Guid(fef441eb6d647c6489f6ce7d24e99f53) Importer(815301076,1909f56bfc062723c751e8b465ee728b)
Start importing Assets/외부 에셋/Gif/Super_Retro_Collection/Resources/Battlers/ZombiA.png using Guid(fef441eb6d647c6489f6ce7d24e99f53) Importer(815301076,1909f56bfc062723c751e8b465ee728b) (PreviewImporter) -> (artifact id: '1a0d2c62234d01f01144967d011ee885') in 0.0127775 seconds
Number of updated asset objects reloaded before import = 0Number of asset objects unloaded after import = 3

========================================================================
Received Import Request.
  Time since last request: 0.000016 seconds.
  path: Assets/외부 에셋/Gif/Super_Retro_Collection/Resources/Battlers/GhostC.png
  artifactKey: Guid(9eb7206a6fa10be4ea308767fa1e4f42) Importer(815301076,1909f56bfc062723c751e8b465ee728b)
Start importing Assets/외부 에셋/Gif/Super_Retro_Collection/Resources/Battlers/GhostC.png using Guid(9eb7206a6fa10be4ea308767fa1e4f42) Importer(815301076,1909f56bfc062723c751e8b465ee728b) (PreviewImporter) -> (artifact id: 'a34b6c88b34cba6084646056bd677c6f') in 0.0117388 seconds
Number of updated asset objects reloaded before import = 0Number of asset objects unloaded after import = 3

========================================================================
Received Import Request.
  Time since last request: 0.000022 seconds.
  path: Assets/외부 에셋/Gif/Super_Retro_Collection/Resources/Battlers/SlimeB.png
  artifactKey: Guid(8e4f595461962304486cd8045b53d0aa) Importer(815301076,1909f56bfc062723c751e8b465ee728b)
Start importing Assets/외부 에셋/Gif/Super_Retro_Collection/Resources/Battlers/SlimeB.png using Guid(8e4f595461962304486cd8045b53d0aa) Importer(815301076,1909f56bfc062723c751e8b465ee728b) (PreviewImporter) -> (artifact id: 'a0b39fbf04376480a679abc7b145b9dd') in 0.0094592 seconds
Number of updated asset objects reloaded before import = 0Number of asset objects unloaded after import = 3

========================================================================
Received Import Request.
  Time since last request: 0.000011 seconds.
  path: Assets/외부 에셋/Gif/Super_Retro_Collection/Resources/Battlers/SlimeswordB.png
  artifactKey: Guid(ba80545b674721640b1cc1219e0e9076) Importer(815301076,1909f56bfc062723c751e8b465ee728b)
Start importing Assets/외부 에셋/Gif/Super_Retro_Collection/Resources/Battlers/SlimeswordB.png using Guid(ba80545b674721640b1cc1219e0e9076) Importer(815301076,1909f56bfc062723c751e8b465ee728b) (PreviewImporter) -> (artifact id: 'a498e967d4e18f41c738e534d778618a') in 0.0109116 seconds
Number of updated asset objects reloaded before import = 0Number of asset objects unloaded after import = 3

========================================================================
Received Import Request.
  Time since last request: 0.000011 seconds.
  path: Assets/외부 에셋/Gif/Super_Retro_Collection/Resources/Battlers/WaspB.png
  artifactKey: Guid(336dc6c9f99ac6745866b6f2d40b10fb) Importer(815301076,1909f56bfc062723c751e8b465ee728b)
Start importing Assets/외부 에셋/Gif/Super_Retro_Collection/Resources/Battlers/WaspB.png using Guid(336dc6c9f99ac6745866b6f2d40b10fb) Importer(815301076,1909f56bfc062723c751e8b465ee728b) (PreviewImporter) -> (artifact id: '6020e00d3c632622ad1339e6b0469664') in 0.0113288 seconds
Number of updated asset objects reloaded before import = 0Number of asset objects unloaded after import = 3

========================================================================
Received Import Request.
  Time since last request: 11.163112 seconds.
  path: Assets/외부 에셋/Gif/Super_Retro_Collection/Resources/Environments/original_atlas.png
  artifactKey: Guid(afda4cedd10beb942a0a9fcb40a307b0) Importer(815301076,1909f56bfc062723c751e8b465ee728b)
Start importing Assets/외부 에셋/Gif/Super_Retro_Collection/Resources/Environments/original_atlas.png using Guid(afda4cedd10beb942a0a9fcb40a307b0) Importer(815301076,1909f56bfc062723c751e8b465ee728b) (PreviewImporter) -> (artifact id: '82b2ec99b35964fb6324f69ee2318ffe') in 3.6463798 seconds
Number of updated asset objects reloaded before import = 0Number of asset objects unloaded after import = 5715

========================================================================
Received Import Request.
  Time since last request: 0.492304 seconds.
  path: Assets/외부 에셋/Gif/Super_Retro_Collection/Resources/Environments/TilePalette_updates/2.5.0/Sprite-0001.png
  artifactKey: Guid(f18101192e1bfcb449e0b89541c85c0c) Importer(815301076,1909f56bfc062723c751e8b465ee728b)
Start importing Assets/외부 에셋/Gif/Super_Retro_Collection/Resources/Environments/TilePalette_updates/2.5.0/Sprite-0001.png using Guid(f18101192e1bfcb449e0b89541c85c0c) Importer(815301076,1909f56bfc062723c751e8b465ee728b) (PreviewImporter) -> (artifact id: '8f4dec82e427ab789e35d99e826574cd') in 0.0185039 seconds
Number of updated asset objects reloaded before import = 0Number of asset objects unloaded after import = 16

========================================================================
Received Import Request.
  Time since last request: 0.000013 seconds.
  path: Assets/외부 에셋/Gif/Super_Retro_Collection/Resources/Environments/TilePalette_updates/2.5.0/Sprite-0001_2.asset
  artifactKey: Guid(dee07cf73a9439f4780230f76d6d656a) Importer(815301076,1909f56bfc062723c751e8b465ee728b)
Start importing Assets/외부 에셋/Gif/Super_Retro_Collection/Resources/Environments/TilePalette_updates/2.5.0/Sprite-0001_2.asset using Guid(dee07cf73a9439f4780230f76d6d656a) Importer(815301076,1909f56bfc062723c751e8b465ee728b) (PreviewImporter) -> (artifact id: '945b12329962e14eb7464d3c13848928') in 0.0221397 seconds
Number of updated asset objects reloaded before import = 0Number of asset objects unloaded after import = 3

========================================================================
Received Import Request.
  Time since last request: 0.000013 seconds.
  path: Assets/외부 에셋/Gif/Super_Retro_Collection/Resources/Environments/TilePalette_updates/2.5.0/Sprite-0003_12.asset
  artifactKey: Guid(e55f94105ddb7894abc172d725f9c816) Importer(815301076,1909f56bfc062723c751e8b465ee728b)
Start importing Assets/외부 에셋/Gif/Super_Retro_Collection/Resources/Environments/TilePalette_updates/2.5.0/Sprite-0003_12.asset using Guid(e55f94105ddb7894abc172d725f9c816) Importer(815301076,1909f56bfc062723c751e8b465ee728b) (PreviewImporter) -> (artifact id: 'c539396b75fd5289a7509c673b0c0d4c') in 0.0096043 seconds
Number of updated asset objects reloaded before import = 0Number of asset objects unloaded after import = 3

========================================================================
Received Import Request.
  Time since last request: 0.000017 seconds.
  path: Assets/외부 에셋/Gif/Super_Retro_Collection/Resources/Environments/TilePalette_updates/2.5.0/Sprite-0003_8.asset
  artifactKey: Guid(63d750cb39c97bf4291dc6394d750040) Importer(815301076,1909f56bfc062723c751e8b465ee728b)
Start importing Assets/외부 에셋/Gif/Super_Retro_Collection/Resources/Environments/TilePalette_updates/2.5.0/Sprite-0003_8.asset using Guid(63d750cb39c97bf4291dc6394d750040) Importer(815301076,1909f56bfc062723c751e8b465ee728b) (PreviewImporter) -> (artifact id: '62a81271a6e538159786231279a8e491') in 0.0075696 seconds
Number of updated asset objects reloaded before import = 0Number of asset objects unloaded after import = 3

========================================================================
Received Import Request.
  Time since last request: 0.000024 seconds.
  path: Assets/외부 에셋/Gif/Super_Retro_Collection/Resources/Environments/TilePalette_updates/2.5.0/Sprite-0003_5.asset
  artifactKey: Guid(39fe30970654a9d4e9a1ecb72261e67a) Importer(815301076,1909f56bfc062723c751e8b465ee728b)
Start importing Assets/외부 에셋/Gif/Super_Retro_Collection/Resources/Environments/TilePalette_updates/2.5.0/Sprite-0003_5.asset using Guid(39fe30970654a9d4e9a1ecb72261e67a) Importer(815301076,1909f56bfc062723c751e8b465ee728b) (PreviewImporter) -> (artifact id: 'ff75dd65a25ac0840ca6c58c0b26c390') in 0.0071541 seconds
Number of updated asset objects reloaded before import = 0Number of asset objects unloaded after import = 3

========================================================================
Received Import Request.
  Time since last request: 0.000016 seconds.
  path: Assets/외부 에셋/Gif/Super_Retro_Collection/Resources/Environments/TilePalette_updates/2.5.0/Sprite-0003_1.asset
  artifactKey: Guid(07e97f364e2183f4c925dc52789027dd) Importer(815301076,1909f56bfc062723c751e8b465ee728b)
Start importing Assets/외부 에셋/Gif/Super_Retro_Collection/Resources/Environments/TilePalette_updates/2.5.0/Sprite-0003_1.asset using Guid(07e97f364e2183f4c925dc52789027dd) Importer(815301076,1909f56bfc062723c751e8b465ee728b) (PreviewImporter) -> (artifact id: '1a376ee7fa28d3100f6ed80ddbcd4a12') in 0.0087246 seconds
Number of updated asset objects reloaded before import = 0Number of asset objects unloaded after import = 3

========================================================================
Received Import Request.
  Time since last request: 0.000030 seconds.
  path: Assets/외부 에셋/Gif/Super_Retro_Collection/Resources/Environments/TilePalette_updates/2.5.0/Sprite-0003_0.asset
  artifactKey: Guid(8b1fe4349e2059d4d8ed227b6ff1f34c) Importer(815301076,1909f56bfc062723c751e8b465ee728b)
Start importing Assets/외부 에셋/Gif/Super_Retro_Collection/Resources/Environments/TilePalette_updates/2.5.0/Sprite-0003_0.asset using Guid(8b1fe4349e2059d4d8ed227b6ff1f34c) Importer(815301076,1909f56bfc062723c751e8b465ee728b) (PreviewImporter) -> (artifact id: '22d09442d871effab79818ba1b475152') in 0.0084718 seconds
Number of updated asset objects reloaded before import = 0Number of asset objects unloaded after import = 3

========================================================================
Received Import Request.
  Time since last request: 0.000014 seconds.
  path: Assets/외부 에셋/Gif/Super_Retro_Collection/Resources/Environments/TilePalette_updates/2.5.0/Sprite-0003_3.asset
  artifactKey: Guid(034e04a71c7dccd4bb3ab20fe6478d58) Importer(815301076,1909f56bfc062723c751e8b465ee728b)
Start importing Assets/외부 에셋/Gif/Super_Retro_Collection/Resources/Environments/TilePalette_updates/2.5.0/Sprite-0003_3.asset using Guid(034e04a71c7dccd4bb3ab20fe6478d58) Importer(815301076,1909f56bfc062723c751e8b465ee728b) (PreviewImporter) -> (artifact id: 'b688826306355bce9b87845381dd6689') in 0.0108068 seconds
Number of updated asset objects reloaded before import = 0Number of asset objects unloaded after import = 3

========================================================================
Received Import Request.
  Time since last request: 0.000012 seconds.
  path: Assets/외부 에셋/Gif/Super_Retro_Collection/Resources/Environments/TilePalette_updates/2.5.0/Sprite-0001_9.asset
  artifactKey: Guid(a2ed9a85882adb84aa5c9ebcfba25b39) Importer(815301076,1909f56bfc062723c751e8b465ee728b)
Start importing Assets/외부 에셋/Gif/Super_Retro_Collection/Resources/Environments/TilePalette_updates/2.5.0/Sprite-0001_9.asset using Guid(a2ed9a85882adb84aa5c9ebcfba25b39) Importer(815301076,1909f56bfc062723c751e8b465ee728b) (PreviewImporter) -> (artifact id: '9070832110d25b9bfbcb10d904a8bb3b') in 0.009627 seconds
Number of updated asset objects reloaded before import = 0Number of asset objects unloaded after import = 3

========================================================================
Received Import Request.
  Time since last request: 0.000013 seconds.
  path: Assets/외부 에셋/Gif/Super_Retro_Collection/Resources/Environments/TilePalette_updates/2.5.0/Sprite-0001_10.asset
  artifactKey: Guid(decf3883be2a8cf41aee1cd119e236a2) Importer(815301076,1909f56bfc062723c751e8b465ee728b)
Start importing Assets/외부 에셋/Gif/Super_Retro_Collection/Resources/Environments/TilePalette_updates/2.5.0/Sprite-0001_10.asset using Guid(decf3883be2a8cf41aee1cd119e236a2) Importer(815301076,1909f56bfc062723c751e8b465ee728b) (PreviewImporter) -> (artifact id: '12d9fe9b27f9d5c604311beb3dda3192') in 0.009369 seconds
Number of updated asset objects reloaded before import = 0Number of asset objects unloaded after import = 3

========================================================================
Received Import Request.
  Time since last request: 0.000016 seconds.
  path: Assets/외부 에셋/Gif/Super_Retro_Collection/Resources/Environments/TilePalette_updates/2.5.0/Sprite-0001_6.asset
  artifactKey: Guid(582faf8b7140ddf40b84bb95d58564de) Importer(815301076,1909f56bfc062723c751e8b465ee728b)
Start importing Assets/외부 에셋/Gif/Super_Retro_Collection/Resources/Environments/TilePalette_updates/2.5.0/Sprite-0001_6.asset using Guid(582faf8b7140ddf40b84bb95d58564de) Importer(815301076,1909f56bfc062723c751e8b465ee728b) (PreviewImporter) -> (artifact id: '0d22505731768e675cf7b5d026830a5b') in 0.0081406 seconds
Number of updated asset objects reloaded before import = 0Number of asset objects unloaded after import = 3

========================================================================
Received Import Request.
  Time since last request: 10.357282 seconds.
  path: Assets/외부 에셋/Gif/Super_Retro_Collection/Resources/Environments/TilePalette_updates/2.7.4/anim_autotile_33.png
  artifactKey: Guid(c113817118970aa48b42dadffeb2fb2c) Importer(815301076,1909f56bfc062723c751e8b465ee728b)
Start importing Assets/외부 에셋/Gif/Super_Retro_Collection/Resources/Environments/TilePalette_updates/2.7.4/anim_autotile_33.png using Guid(c113817118970aa48b42dadffeb2fb2c) Importer(815301076,1909f56bfc062723c751e8b465ee728b) (PreviewImporter) -> (artifact id: '1f1ce04baa44f48c06a45dcb5386e00b') in 0.0257735 seconds
Number of updated asset objects reloaded before import = 0Number of asset objects unloaded after import = 3

========================================================================
Received Import Request.
  Time since last request: 0.000017 seconds.
  path: Assets/외부 에셋/Gif/Super_Retro_Collection/Resources/Environments/TilePalette_updates/2.7.4/anim_autotile_39.png
  artifactKey: Guid(5f87fb4a5bdaa354385ca6c460d5a6e7) Importer(815301076,1909f56bfc062723c751e8b465ee728b)
Start importing Assets/외부 에셋/Gif/Super_Retro_Collection/Resources/Environments/TilePalette_updates/2.7.4/anim_autotile_39.png using Guid(5f87fb4a5bdaa354385ca6c460d5a6e7) Importer(815301076,1909f56bfc062723c751e8b465ee728b) (PreviewImporter) -> (artifact id: '26e2e0877fd5c4b2193dbbc27ab49a70') in 0.0086533 seconds
Number of updated asset objects reloaded before import = 0Number of asset objects unloaded after import = 3

========================================================================
Received Import Request.
  Time since last request: 0.000015 seconds.
  path: Assets/외부 에셋/Gif/Super_Retro_Collection/Resources/Environments/TilePalette_updates/2.7.4/anim_autotile_36.png
  artifactKey: Guid(f45060eb80b9b9c49b39cb13587972ab) Importer(815301076,1909f56bfc062723c751e8b465ee728b)
Start importing Assets/외부 에셋/Gif/Super_Retro_Collection/Resources/Environments/TilePalette_updates/2.7.4/anim_autotile_36.png using Guid(f45060eb80b9b9c49b39cb13587972ab) Importer(815301076,1909f56bfc062723c751e8b465ee728b) (PreviewImporter) -> (artifact id: '4e03cb5d55f25c93b4f242c9a9c0fec1') in 0.0098193 seconds
Number of updated asset objects reloaded before import = 0Number of asset objects unloaded after import = 3

========================================================================
Received Import Request.
  Time since last request: 0.000023 seconds.
  path: Assets/외부 에셋/Gif/Super_Retro_Collection/Resources/Environments/TilePalette_updates/2.7.4/anim_autotile_40.png
  artifactKey: Guid(023b4fabd7232094785915b3f1122315) Importer(815301076,1909f56bfc062723c751e8b465ee728b)
Start importing Assets/외부 에셋/Gif/Super_Retro_Collection/Resources/Environments/TilePalette_updates/2.7.4/anim_autotile_40.png using Guid(023b4fabd7232094785915b3f1122315) Importer(815301076,1909f56bfc062723c751e8b465ee728b) (PreviewImporter) -> (artifact id: 'c896cab669f561ec6327c05fc7dbf128') in 0.0087659 seconds
Number of updated asset objects reloaded before import = 0Number of asset objects unloaded after import = 3

========================================================================
Received Import Request.
  Time since last request: 0.000014 seconds.
  path: Assets/외부 에셋/Gif/Super_Retro_Collection/Resources/Environments/TilePalette_updates/2.7.4/anim_autotile_37.png
  artifactKey: Guid(f7fa7d6bb11922f46997173bc651b6e1) Importer(815301076,1909f56bfc062723c751e8b465ee728b)
Start importing Assets/외부 에셋/Gif/Super_Retro_Collection/Resources/Environments/TilePalette_updates/2.7.4/anim_autotile_37.png using Guid(f7fa7d6bb11922f46997173bc651b6e1) Importer(815301076,1909f56bfc062723c751e8b465ee728b) (PreviewImporter) -> (artifact id: 'f0b284d1bf095d46f7d4769201f2bb02') in 0.0086475 seconds
Number of updated asset objects reloaded before import = 0Number of asset objects unloaded after import = 3

========================================================================
Received Import Request.
  Time since last request: 0.000016 seconds.
  path: Assets/외부 에셋/Gif/Super_Retro_Collection/Resources/Environments/TilePalette_updates/2.7.4/anim_autotile_42.png
  artifactKey: Guid(4b755014aca00484e9a6d987f360b4db) Importer(815301076,1909f56bfc062723c751e8b465ee728b)
Start importing Assets/외부 에셋/Gif/Super_Retro_Collection/Resources/Environments/TilePalette_updates/2.7.4/anim_autotile_42.png using Guid(4b755014aca00484e9a6d987f360b4db) Importer(815301076,1909f56bfc062723c751e8b465ee728b) (PreviewImporter) -> (artifact id: 'f752f529f4d7cb7da2fefb981206cace') in 0.0087596 seconds
Number of updated asset objects reloaded before import = 0Number of asset objects unloaded after import = 3

========================================================================
Received Import Request.
  Time since last request: 0.000013 seconds.
  path: Assets/외부 에셋/Gif/Super_Retro_Collection/Resources/Environments/TilePalette_updates/2.7.4/New Fang Auto Tile 15.asset
  artifactKey: Guid(4a2384178859d5a41a0596482b83e3f3) Importer(815301076,1909f56bfc062723c751e8b465ee728b)
Start importing Assets/외부 에셋/Gif/Super_Retro_Collection/Resources/Environments/TilePalette_updates/2.7.4/New Fang Auto Tile 15.asset using Guid(4a2384178859d5a41a0596482b83e3f3) Importer(815301076,1909f56bfc062723c751e8b465ee728b) (PreviewImporter) -> (artifact id: '438b75ce70261597e6fd232aefeaae8f') in 0.022814 seconds
Number of updated asset objects reloaded before import = 0Number of asset objects unloaded after import = 192

========================================================================
Received Import Request.
  Time since last request: 0.000012 seconds.
  path: Assets/외부 에셋/Gif/Super_Retro_Collection/Resources/Environments/TilePalette_updates/2.7.4/New Fang Auto Tile 10.asset
  artifactKey: Guid(03146b4ca892f3d46af50af0d3603319) Importer(815301076,1909f56bfc062723c751e8b465ee728b)
Start importing Assets/외부 에셋/Gif/Super_Retro_Collection/Resources/Environments/TilePalette_updates/2.7.4/New Fang Auto Tile 10.asset using Guid(03146b4ca892f3d46af50af0d3603319) Importer(815301076,1909f56bfc062723c751e8b465ee728b) (PreviewImporter) -> (artifact id: '5bb12bc464712489878688e7df0c17b1') in 0.0228297 seconds
Number of updated asset objects reloaded before import = 0Number of asset objects unloaded after import = 192

========================================================================
Received Import Request.
  Time since last request: 0.000013 seconds.
  path: Assets/외부 에셋/Gif/Super_Retro_Collection/Resources/Environments/TilePalette_updates/2.7.4/New Fang Auto Tile 14.asset
  artifactKey: Guid(f88b67b0e41a50b4a8f36de690a0db48) Importer(815301076,1909f56bfc062723c751e8b465ee728b)
Start importing Assets/외부 에셋/Gif/Super_Retro_Collection/Resources/Environments/TilePalette_updates/2.7.4/New Fang Auto Tile 14.asset using Guid(f88b67b0e41a50b4a8f36de690a0db48) Importer(815301076,1909f56bfc062723c751e8b465ee728b) (PreviewImporter) -> (artifact id: '9657dfeb520b5803c2a32af0a6dab034') in 0.0212937 seconds
Number of updated asset objects reloaded before import = 0Number of asset objects unloaded after import = 192

========================================================================
Received Import Request.
  Time since last request: 46.690305 seconds.
  path: Assets/외부 에셋/Gif/Ruccho/FangAutoTile/Sample/Tiles/kusa.asset
  artifactKey: Guid(7c4370dd67a4ce04abd53722734d426f) Importer(815301076,1909f56bfc062723c751e8b465ee728b)
Start importing Assets/외부 에셋/Gif/Ruccho/FangAutoTile/Sample/Tiles/kusa.asset using Guid(7c4370dd67a4ce04abd53722734d426f) Importer(815301076,1909f56bfc062723c751e8b465ee728b) (PreviewImporter) -> (artifact id: '0d1b702c42c983992ee642d2c765b15d') in 0.0688536 seconds
Number of updated asset objects reloaded before import = 0Number of asset objects unloaded after import = 719

========================================================================
Received Import Request.
  Time since last request: 0.000016 seconds.
  path: Assets/외부 에셋/Gif/Ruccho/FangAutoTile/Sample/Tiles/taki.asset
  artifactKey: Guid(008e6a2d77ba91e4bae42e721f905a58) Importer(815301076,1909f56bfc062723c751e8b465ee728b)
Start importing Assets/외부 에셋/Gif/Ruccho/FangAutoTile/Sample/Tiles/taki.asset using Guid(008e6a2d77ba91e4bae42e721f905a58) Importer(815301076,1909f56bfc062723c751e8b465ee728b) (PreviewImporter) -> (artifact id: '3e11d26f9d7cb0b233d6699e5fc07ff2') in 0.0587333 seconds
Number of updated asset objects reloaded before import = 0Number of asset objects unloaded after import = 719

========================================================================
Received Import Request.
  Time since last request: 21.641766 seconds.
  path: Assets/외부 에셋/M STUDIO/Card Game Kit/Base Assets/Card/card_description.png
  artifactKey: Guid(39bf9720d47254a86a9fb8917a88a58e) Importer(815301076,1909f56bfc062723c751e8b465ee728b)
Start importing Assets/외부 에셋/M STUDIO/Card Game Kit/Base Assets/Card/card_description.png using Guid(39bf9720d47254a86a9fb8917a88a58e) Importer(815301076,1909f56bfc062723c751e8b465ee728b) (PreviewImporter) -> (artifact id: 'f6d0dc29f4152a3b1e88bb499a77bbd3') in 0.0189074 seconds
Number of updated asset objects reloaded before import = 0Number of asset objects unloaded after import = 3

========================================================================
Received Import Request.
  Time since last request: 0.000015 seconds.
  path: Assets/외부 에셋/M STUDIO/Card Game Kit/Base Assets/Card/card_slot.png
  artifactKey: Guid(8ae7689670922454695b3dde5a5945a9) Importer(815301076,1909f56bfc062723c751e8b465ee728b)
Start importing Assets/외부 에셋/M STUDIO/Card Game Kit/Base Assets/Card/card_slot.png using Guid(8ae7689670922454695b3dde5a5945a9) Importer(815301076,1909f56bfc062723c751e8b465ee728b) (PreviewImporter) -> (artifact id: '26cf8c27dc0f7e72bc327b8fdb70e052') in 0.013433 seconds
Number of updated asset objects reloaded before import = 0Number of asset objects unloaded after import = 3

========================================================================
Received Import Request.
  Time since last request: 5.212849 seconds.
  path: Assets/외부 에셋/M STUDIO/Card Game Kit/Base Assets/Intents/buff_attack_down.png
  artifactKey: Guid(d7f03361f8c0a4e1293a0b3eb59d0320) Importer(815301076,1909f56bfc062723c751e8b465ee728b)
Start importing Assets/외부 에셋/M STUDIO/Card Game Kit/Base Assets/Intents/buff_attack_down.png using Guid(d7f03361f8c0a4e1293a0b3eb59d0320) Importer(815301076,1909f56bfc062723c751e8b465ee728b) (PreviewImporter) -> (artifact id: 'a807a2c50bf0cce82c03ae8aa4d64ec8') in 0.0124922 seconds
Number of updated asset objects reloaded before import = 0Number of asset objects unloaded after import = 3

========================================================================
Received Import Request.
  Time since last request: 0.000012 seconds.
  path: Assets/외부 에셋/M STUDIO/Card Game Kit/Base Assets/Intents/buff_fire.png
  artifactKey: Guid(5b7941c6c325844069867a772800fad7) Importer(815301076,1909f56bfc062723c751e8b465ee728b)
Start importing Assets/외부 에셋/M STUDIO/Card Game Kit/Base Assets/Intents/buff_fire.png using Guid(5b7941c6c325844069867a772800fad7) Importer(815301076,1909f56bfc062723c751e8b465ee728b) (PreviewImporter) -> (artifact id: 'e165f9a9caab3c7d514da56177676bb8') in 0.0202187 seconds
Number of updated asset objects reloaded before import = 0Number of asset objects unloaded after import = 3

========================================================================
Received Import Request.
  Time since last request: 3.243328 seconds.
  path: Assets/외부 에셋/M STUDIO/Card Game Kit/Base Assets/Map Icons/02.png
  artifactKey: Guid(c686408f18cbe44268f36bdce12711cb) Importer(815301076,1909f56bfc062723c751e8b465ee728b)
Start importing Assets/외부 에셋/M STUDIO/Card Game Kit/Base Assets/Map Icons/02.png using Guid(c686408f18cbe44268f36bdce12711cb) Importer(815301076,1909f56bfc062723c751e8b465ee728b) (PreviewImporter) -> (artifact id: '3ebf1bdb937948160051ac2d8171b312') in 0.0145393 seconds
Number of updated asset objects reloaded before import = 0Number of asset objects unloaded after import = 3

========================================================================
Received Import Request.
  Time since last request: 0.000017 seconds.
  path: Assets/외부 에셋/M STUDIO/Card Game Kit/Base Assets/Map Icons/C03.png
  artifactKey: Guid(ea2f2d43436f24832b163fa4e3260051) Importer(815301076,1909f56bfc062723c751e8b465ee728b)
Start importing Assets/외부 에셋/M STUDIO/Card Game Kit/Base Assets/Map Icons/C03.png using Guid(ea2f2d43436f24832b163fa4e3260051) Importer(815301076,1909f56bfc062723c751e8b465ee728b) (PreviewImporter) -> (artifact id: 'd1066eef68161957d0bc1ccc22880f3b') in 0.0131548 seconds
Number of updated asset objects reloaded before import = 0Number of asset objects unloaded after import = 3

========================================================================
Received Import Request.
  Time since last request: 0.000024 seconds.
  path: Assets/외부 에셋/M STUDIO/Card Game Kit/Base Assets/Map Icons/08.png
  artifactKey: Guid(0f0c989c7a908490798b1449550321fb) Importer(815301076,1909f56bfc062723c751e8b465ee728b)
Start importing Assets/외부 에셋/M STUDIO/Card Game Kit/Base Assets/Map Icons/08.png using Guid(0f0c989c7a908490798b1449550321fb) Importer(815301076,1909f56bfc062723c751e8b465ee728b) (PreviewImporter) -> (artifact id: 'ecc0b3657f79d033c1c236791ebf7730') in 0.0143046 seconds
Number of updated asset objects reloaded before import = 0Number of asset objects unloaded after import = 3

========================================================================
Received Import Request.
  Time since last request: 0.000018 seconds.
  path: Assets/외부 에셋/M STUDIO/Card Game Kit/Base Assets/Map Icons/C08.png
  artifactKey: Guid(0be96f70c9f6e4c50a550df39550bbf9) Importer(815301076,1909f56bfc062723c751e8b465ee728b)
Start importing Assets/외부 에셋/M STUDIO/Card Game Kit/Base Assets/Map Icons/C08.png using Guid(0be96f70c9f6e4c50a550df39550bbf9) Importer(815301076,1909f56bfc062723c751e8b465ee728b) (PreviewImporter) -> (artifact id: '0b4a308f5cd12ed0558254c9170d7d74') in 0.015268 seconds
Number of updated asset objects reloaded before import = 0Number of asset objects unloaded after import = 3

========================================================================
Received Import Request.
  Time since last request: 0.000015 seconds.
  path: Assets/외부 에셋/M STUDIO/Card Game Kit/Base Assets/Map Icons/07.png
  artifactKey: Guid(e1741766f3c3e415787fbdd3e0d30a0e) Importer(815301076,1909f56bfc062723c751e8b465ee728b)
Start importing Assets/외부 에셋/M STUDIO/Card Game Kit/Base Assets/Map Icons/07.png using Guid(e1741766f3c3e415787fbdd3e0d30a0e) Importer(815301076,1909f56bfc062723c751e8b465ee728b) (PreviewImporter) -> (artifact id: '4593e6a8abcb41ba5873db339c70099e') in 0.0145459 seconds
Number of updated asset objects reloaded before import = 0Number of asset objects unloaded after import = 3

