Using pre-set license
Built from '6000.0/staging' branch; Version is '6000.0.48f1 (170d2541580d) revision 1510693'; Using compiler version '193933523'; Build Type 'Release'
OS: 'Windows 11  (10.0.26100) 64bit Core' Language: 'ko' Physical Memory: 31849 MB
BatchMode: 1, IsHumanControllingUs: 0, StartBugReporterOnCrash: 0, Is64bit: 1, IsPro: 1

COMMAND LINE ARGUMENTS:
C:\Program Files\Unity\Hub\Editor\6000.0.48f1\Editor\Unity.exe
-adb2
-batchMode
-noUpm
-name
AssetImportWorker0
-projectPath
C:/Users/c/Desktop/프로젝트/MyProject
-logFile
Logs/AssetImportWorker0.log
-srvPort
50769
-job-worker-count
7
-background-job-worker-count
8
-gc-helper-count
1
Successfully changed project path to: C:/Users/c/Desktop/프로젝트/MyProject
C:/Users/c/Desktop/프로젝트/MyProject
[UnityMemory] Configuration Parameters - Can be set up in boot.config
    "memorysetup-bucket-allocator-granularity=16"
    "memorysetup-bucket-allocator-bucket-count=8"
    "memorysetup-bucket-allocator-block-size=33554432"
    "memorysetup-bucket-allocator-block-count=8"
    "memorysetup-main-allocator-block-size=16777216"
    "memorysetup-thread-allocator-block-size=16777216"
    "memorysetup-gfx-main-allocator-block-size=16777216"
    "memorysetup-gfx-thread-allocator-block-size=16777216"
    "memorysetup-cache-allocator-block-size=4194304"
    "memorysetup-typetree-allocator-block-size=2097152"
    "memorysetup-profiler-bucket-allocator-granularity=16"
    "memorysetup-profiler-bucket-allocator-bucket-count=8"
    "memorysetup-profiler-bucket-allocator-block-size=33554432"
    "memorysetup-profiler-bucket-allocator-block-count=8"
    "memorysetup-profiler-allocator-block-size=16777216"
    "memorysetup-profiler-editor-allocator-block-size=1048576"
    "memorysetup-temp-allocator-size-main=16777216"
    "memorysetup-job-temp-allocator-block-size=2097152"
    "memorysetup-job-temp-allocator-block-size-background=1048576"
    "memorysetup-job-temp-allocator-reduction-small-platforms=262144"
    "memorysetup-allocator-temp-initial-block-size-main=262144"
    "memorysetup-allocator-temp-initial-block-size-worker=262144"
    "memorysetup-temp-allocator-size-background-worker=32768"
    "memorysetup-temp-allocator-size-job-worker=262144"
    "memorysetup-temp-allocator-size-preload-manager=33554432"
    "memorysetup-temp-allocator-size-nav-mesh-worker=65536"
    "memorysetup-temp-allocator-size-audio-worker=65536"
    "memorysetup-temp-allocator-size-cloud-worker=32768"
    "memorysetup-temp-allocator-size-gi-baking-worker=262144"
    "memorysetup-temp-allocator-size-gi-baking-worker=262144"
    "memorysetup-temp-allocator-size-gi-baking-worker=262144"
    "memorysetup-temp-allocator-size-gi-baking-worker=262144"
    "memorysetup-temp-allocator-size-gi-baking-worker=262144"
    "memorysetup-temp-allocator-size-gfx=262144"
Player connection [6224]  Target information:

Player connection [6224]  * "[IP] 192.168.219.106 [Port] 0 [Flags] 2 [Guid] 2472326999 [EditorId] 2472326999 [Version] 1048832 [Id] WindowsEditor(7,DESKTOP-PDUOFTE) [Debug] 1 [PackageName] WindowsEditor [ProjectName] Editor" 

Player connection [6224] Host joined multi-casting on [225.0.0.222:54997]...
Player connection [6224] Host joined alternative multi-casting on [225.0.0.222:34997]...
JobSystem: Creating JobQueue using job-worker-count value 7
Input System module state changed to: Initialized.
[Physics::Module] Initialized fallback backend.
[Physics::Module] Id: 0xdecafbad
Library Redirect Path: Library/
[Physics::Module] Selected backend.
[Physics::Module] Name: PhysX
[Physics::Module] Id: 0xf2b8ea05
[Physics::Module] SDK Version: 4.1.2
[Physics::Module] Integration Version: 1.0.0
[Physics::Module] Threading Mode: Multi-Threaded
Refreshing native plugins compatible for Editor in 2.03 ms, found 4 plugins.
Preloading 0 native plugins for Editor in 0.00 ms.
Initialize engine version: 6000.0.48f1 (170d2541580d)
[Subsystems] Discovering subsystems at path C:/Program Files/Unity/Hub/Editor/6000.0.48f1/Editor/Data/Resources/UnitySubsystems
[Subsystems] Discovering subsystems at path C:/Users/c/Desktop/프로젝트/MyProject/Assets
GfxDevice: creating device client; kGfxThreadingModeNonThreaded
Direct3D:
    Version:  Direct3D 11.0 [level 11.1]
    Renderer: AMD Radeon RX 9070 XT (ID=0x7550)
    Vendor:   ATI
    VRAM:     16304 MB
    Driver:   32.0.21013.1000
Initialize mono
Mono path[0] = 'C:/Program Files/Unity/Hub/Editor/6000.0.48f1/Editor/Data/Managed'
Mono path[1] = 'C:/Program Files/Unity/Hub/Editor/6000.0.48f1/Editor/Data/MonoBleedingEdge/lib/mono/unityjit-win32'
Mono config path = 'C:/Program Files/Unity/Hub/Editor/6000.0.48f1/Editor/Data/MonoBleedingEdge/etc'
Using monoOptions --debugger-agent=transport=dt_socket,embedding=1,server=y,suspend=n,address=127.0.0.1:56264
Begin MonoManager ReloadAssembly
Registering precompiled unity dll's ...
Register platform support module: C:/Program Files/Unity/Hub/Editor/6000.0.48f1/Editor/Data/PlaybackEngines/WindowsStandaloneSupport/UnityEditor.WindowsStandalone.Extensions.dll
Registered in 0.002865 seconds.
- Loaded All Assemblies, in  0.262 seconds
Native extension for WindowsStandalone target not found
Mono: successfully reloaded assembly
- Finished resetting the current domain, in  0.215 seconds
Domain Reload Profiling: 476ms
	BeginReloadAssembly (90ms)
		ExecutionOrderSort (0ms)
		DisableScriptedObjects (0ms)
		BackupInstance (0ms)
		ReleaseScriptingObjects (0ms)
		CreateAndSetChildDomain (0ms)
	RebuildCommonClasses (25ms)
	RebuildNativeTypeToScriptingClass (8ms)
	initialDomainReloadingComplete (35ms)
	LoadAllAssembliesAndSetupDomain (104ms)
		LoadAssemblies (88ms)
		RebuildTransferFunctionScriptingTraits (0ms)
		AnalyzeDomain (101ms)
			TypeCache.Refresh (100ms)
				TypeCache.ScanAssembly (90ms)
			BuildScriptInfoCaches (0ms)
			ResolveRequiredComponents (0ms)
	FinalizeReload (216ms)
		ReleaseScriptCaches (0ms)
		RebuildScriptCaches (0ms)
		SetupLoadedEditorAssemblies (180ms)
			LogAssemblyErrors (0ms)
			InitializePlatformSupportModulesInManaged (17ms)
			SetLoadedEditorAssemblies (3ms)
			BeforeProcessingInitializeOnLoad (39ms)
			ProcessInitializeOnLoadAttributes (91ms)
			ProcessInitializeOnLoadMethodAttributes (30ms)
			AfterProcessingInitializeOnLoad (0ms)
			EditorAssembliesLoaded (0ms)
		ExecutionOrderSort2 (0ms)
		AwakeInstancesAfterBackupRestoration (0ms)
========================================================================
Worker process is ready to serve import requests
Import Worker Mode flag is 0x00
Begin MonoManager ReloadAssembly
- Loaded All Assemblies, in  0.499 seconds
Refreshing native plugins compatible for Editor in 1.22 ms, found 4 plugins.
Native extension for WindowsStandalone target not found
Mono: successfully reloaded assembly
- Finished resetting the current domain, in  0.465 seconds
Domain Reload Profiling: 961ms
	BeginReloadAssembly (103ms)
		ExecutionOrderSort (0ms)
		DisableScriptedObjects (4ms)
		BackupInstance (0ms)
		ReleaseScriptingObjects (0ms)
		CreateAndSetChildDomain (24ms)
	RebuildCommonClasses (21ms)
	RebuildNativeTypeToScriptingClass (8ms)
	initialDomainReloadingComplete (27ms)
	LoadAllAssembliesAndSetupDomain (335ms)
		LoadAssemblies (234ms)
		RebuildTransferFunctionScriptingTraits (0ms)
		AnalyzeDomain (157ms)
			TypeCache.Refresh (115ms)
				TypeCache.ScanAssembly (105ms)
			BuildScriptInfoCaches (34ms)
			ResolveRequiredComponents (5ms)
	FinalizeReload (466ms)
		ReleaseScriptCaches (0ms)
		RebuildScriptCaches (0ms)
		SetupLoadedEditorAssemblies (382ms)
			LogAssemblyErrors (0ms)
			InitializePlatformSupportModulesInManaged (1ms)
			SetLoadedEditorAssemblies (2ms)
			BeforeProcessingInitializeOnLoad (77ms)
			ProcessInitializeOnLoadAttributes (236ms)
			ProcessInitializeOnLoadMethodAttributes (61ms)
			AfterProcessingInitializeOnLoad (4ms)
			EditorAssembliesLoaded (0ms)
		ExecutionOrderSort2 (0ms)
		AwakeInstancesAfterBackupRestoration (5ms)
Launched and connected shader compiler UnityShaderCompiler.exe after 0.01 seconds
Refreshing native plugins compatible for Editor in 0.92 ms, found 4 plugins.
Preloading 0 native plugins for Editor in 0.00 ms.
Unloading 212 Unused Serialized files (Serialized files now loaded: 0)
Unloading 6585 unused Assets / (4.1 MB). Loaded Objects now: 7289.
Memory consumption went from 193.7 MB to 189.5 MB.
Total: 6.062300 ms (FindLiveObjects: 0.620400 ms CreateObjectMapping: 0.246700 ms MarkObjects: 3.238100 ms  DeleteObjects: 1.956700 ms)

========================================================================
Received Import Request.
  Time since last request: 1159.493729 seconds.
  path: Assets/UniversalRenderPipelineGlobalSettings.asset
  artifactKey: Guid(93b439a37f63240aca3dd4e01d978a9f) Importer(815301076,1909f56bfc062723c751e8b465ee728b)
Start importing Assets/UniversalRenderPipelineGlobalSettings.asset using Guid(93b439a37f63240aca3dd4e01d978a9f) Importer(815301076,1909f56bfc062723c751e8b465ee728b) (PreviewImporter) -> (artifact id: '5b239f5d92d15ee3d0a7e05668edf1fb') in 0.0144334 seconds
Number of updated asset objects reloaded before import = 0Number of asset objects unloaded after import = 0

========================================================================
Received Import Request.
  Time since last request: 0.000014 seconds.
  path: Assets/DefaultVolumeProfile.asset
  artifactKey: Guid(3f9215ea0144899419cfbc0957140d3f) Importer(815301076,1909f56bfc062723c751e8b465ee728b)
Start importing Assets/DefaultVolumeProfile.asset using Guid(3f9215ea0144899419cfbc0957140d3f) Importer(815301076,1909f56bfc062723c751e8b465ee728b) (PreviewImporter) -> (artifact id: '65636432c56742a06922c04c04ec00a3') in 0.0008605 seconds
Number of updated asset objects reloaded before import = 0Number of asset objects unloaded after import = 0

========================================================================
Received Import Request.
  Time since last request: 9.701498 seconds.
  path: Assets/Scenes/SampleScene.unity
  artifactKey: Guid(8c9cfa26abfee488c85f1582747f6a02) Importer(815301076,1909f56bfc062723c751e8b465ee728b)
Start importing Assets/Scenes/SampleScene.unity using Guid(8c9cfa26abfee488c85f1582747f6a02) Importer(815301076,1909f56bfc062723c751e8b465ee728b) (PreviewImporter) -> (artifact id: '9fc602d36718aadb8e3541cd3fcfbd35') in 0.0004859 seconds
Number of updated asset objects reloaded before import = 0Number of asset objects unloaded after import = 0

========================================================================
Received Import Request.
  Time since last request: 13.551978 seconds.
  path: Assets/외부 에셋/Gif
  artifactKey: Guid(3086c4162b919774d926ef62c2487d30) Importer(815301076,1909f56bfc062723c751e8b465ee728b)
Start importing Assets/외부 에셋/Gif using Guid(3086c4162b919774d926ef62c2487d30) Importer(815301076,1909f56bfc062723c751e8b465ee728b) (PreviewImporter) -> (artifact id: '8729572b50e48f90ecf0422aaf8d1f58') in 0.0004467 seconds
Number of updated asset objects reloaded before import = 0Number of asset objects unloaded after import = 0

========================================================================
Received Import Request.
  Time since last request: 2.693462 seconds.
  path: Assets/외부 에셋/Gif/Ruccho
  artifactKey: Guid(497548e9ca816cf44967baa75421f7b7) Importer(815301076,1909f56bfc062723c751e8b465ee728b)
Start importing Assets/외부 에셋/Gif/Ruccho using Guid(497548e9ca816cf44967baa75421f7b7) Importer(815301076,1909f56bfc062723c751e8b465ee728b) (PreviewImporter) -> (artifact id: '2b75d20daed177cad1cc2b1a7220d9a7') in 0.0005225 seconds
Number of updated asset objects reloaded before import = 0Number of asset objects unloaded after import = 0

========================================================================
Received Import Request.
  Time since last request: 1.263584 seconds.
  path: Assets/외부 에셋/Gif/Ruccho/FangAutoTile
  artifactKey: Guid(7714ab7f4db405246926561b586ff205) Importer(815301076,1909f56bfc062723c751e8b465ee728b)
Start importing Assets/외부 에셋/Gif/Ruccho/FangAutoTile using Guid(7714ab7f4db405246926561b586ff205) Importer(815301076,1909f56bfc062723c751e8b465ee728b) (PreviewImporter) -> (artifact id: 'fb9b5a4234a9f737aa5996b8387897bd') in 0.0004767 seconds
Number of updated asset objects reloaded before import = 0Number of asset objects unloaded after import = 0

========================================================================
Received Import Request.
  Time since last request: 3.513572 seconds.
  path: Assets/외부 에셋/Gif/Ruccho/FangAutoTile/Readme.txt
  artifactKey: Guid(cd1e146a18df1924ba7b80c68a2afa74) Importer(815301076,1909f56bfc062723c751e8b465ee728b)
Start importing Assets/외부 에셋/Gif/Ruccho/FangAutoTile/Readme.txt using Guid(cd1e146a18df1924ba7b80c68a2afa74) Importer(815301076,1909f56bfc062723c751e8b465ee728b) (PreviewImporter) -> (artifact id: 'a228fd45dc5feccf177a64b399294330') in 0.0011261 seconds
Number of updated asset objects reloaded before import = 0Number of asset objects unloaded after import = 1

========================================================================
Received Import Request.
  Time since last request: 6.647290 seconds.
  path: Assets/외부 에셋/Gif/Ruccho/FangAutoTile/Readme-ja.txt
  artifactKey: Guid(feb384d2a5384464990599cb49e3a5ce) Importer(815301076,1909f56bfc062723c751e8b465ee728b)
Start importing Assets/외부 에셋/Gif/Ruccho/FangAutoTile/Readme-ja.txt using Guid(feb384d2a5384464990599cb49e3a5ce) Importer(815301076,1909f56bfc062723c751e8b465ee728b) (PreviewImporter) -> (artifact id: '188666b94835da00439e33b81aa3ea46') in 0.0010989 seconds
Number of updated asset objects reloaded before import = 0Number of asset objects unloaded after import = 1

========================================================================
Received Import Request.
  Time since last request: 2.308774 seconds.
  path: Assets/외부 에셋/Gif/Ruccho/FangAutoTile/Tutorial Video.url
  artifactKey: Guid(cf4f211112a02a04eb5bb9ad3db581d9) Importer(815301076,1909f56bfc062723c751e8b465ee728b)
Start importing Assets/외부 에셋/Gif/Ruccho/FangAutoTile/Tutorial Video.url using Guid(cf4f211112a02a04eb5bb9ad3db581d9) Importer(815301076,1909f56bfc062723c751e8b465ee728b) (PreviewImporter) -> (artifact id: '02d9a9f60350261f8adb57787acffb14') in 0.0009395 seconds
Number of updated asset objects reloaded before import = 0Number of asset objects unloaded after import = 1

========================================================================
Received Import Request.
  Time since last request: 3.252210 seconds.
  path: Assets/외부 에셋/Gif/Ruccho/FangAutoTile/Sample
  artifactKey: Guid(7a987d041a38ad44f86c47674b41757f) Importer(815301076,1909f56bfc062723c751e8b465ee728b)
Start importing Assets/외부 에셋/Gif/Ruccho/FangAutoTile/Sample using Guid(7a987d041a38ad44f86c47674b41757f) Importer(815301076,1909f56bfc062723c751e8b465ee728b) (PreviewImporter) -> (artifact id: '35f5d9532c625df6414ea1282ecfd3e8') in 0.000429 seconds
Number of updated asset objects reloaded before import = 0Number of asset objects unloaded after import = 0

========================================================================
Received Import Request.
  Time since last request: 1.093691 seconds.
  path: Assets/외부 에셋/Gif/Ruccho/FangAutoTile/Sample/PixelSnapped.mat
  artifactKey: Guid(4715e8f03ccb45746846f1816fcd4a2e) Importer(815301076,1909f56bfc062723c751e8b465ee728b)
Start importing Assets/외부 에셋/Gif/Ruccho/FangAutoTile/Sample/PixelSnapped.mat using Guid(4715e8f03ccb45746846f1816fcd4a2e) Importer(815301076,1909f56bfc062723c751e8b465ee728b) (PreviewImporter) -> (artifact id: 'd78308cb6b36069a73a4a1c3ad2494c6') in 0.3050925 seconds
Number of updated asset objects reloaded before import = 0Number of asset objects unloaded after import = 1

========================================================================
Received Import Request.
  Time since last request: 1.113827 seconds.
  path: Assets/외부 에셋/Gif/Ruccho/FangAutoTile/Sample/MapChip_pipo/base.png
  artifactKey: Guid(31e24ed712cbf3b4595a8dbc9b18aa9c) Importer(815301076,1909f56bfc062723c751e8b465ee728b)
Start importing Assets/외부 에셋/Gif/Ruccho/FangAutoTile/Sample/MapChip_pipo/base.png using Guid(31e24ed712cbf3b4595a8dbc9b18aa9c) Importer(815301076,1909f56bfc062723c751e8b465ee728b) (PreviewImporter) -> (artifact id: '0ea5c90b5a9f246fe525b623cdd45b0e') in 1.701216 seconds
Number of updated asset objects reloaded before import = 0Number of asset objects unloaded after import = 2338

========================================================================
Received Import Request.
  Time since last request: 0.000024 seconds.
  path: Assets/외부 에셋/Gif/Ruccho/FangAutoTile/Sample/MapChip_pipo/taki1.png
  artifactKey: Guid(d12bd9ae223b8fe49a7915acab71fefe) Importer(815301076,1909f56bfc062723c751e8b465ee728b)
Start importing Assets/외부 에셋/Gif/Ruccho/FangAutoTile/Sample/MapChip_pipo/taki1.png using Guid(d12bd9ae223b8fe49a7915acab71fefe) Importer(815301076,1909f56bfc062723c751e8b465ee728b) (PreviewImporter) -> (artifact id: 'eeecbe3b6996d9e80188afffc1947bf8') in 0.011079 seconds
Number of updated asset objects reloaded before import = 0Number of asset objects unloaded after import = 3

========================================================================
Received Import Request.
  Time since last request: 0.000027 seconds.
  path: Assets/외부 에셋/Gif/Ruccho/FangAutoTile/Sample/MapChip_pipo/base_120.asset
  artifactKey: Guid(3625033b00b2e8143adf6fb2ba34e000) Importer(815301076,1909f56bfc062723c751e8b465ee728b)
Start importing Assets/외부 에셋/Gif/Ruccho/FangAutoTile/Sample/MapChip_pipo/base_120.asset using Guid(3625033b00b2e8143adf6fb2ba34e000) Importer(815301076,1909f56bfc062723c751e8b465ee728b) (PreviewImporter) -> (artifact id: 'f0f47a4a6025c1c636ebc671d442c896') in 0.0289688 seconds
Number of updated asset objects reloaded before import = 0Number of asset objects unloaded after import = 3

========================================================================
Received Import Request.
  Time since last request: 0.000019 seconds.
  path: Assets/외부 에셋/Gif/Ruccho/FangAutoTile/Sample/MapChip_pipo/base_134.asset
  artifactKey: Guid(6146228e9beac774481b97b0a2e28bda) Importer(815301076,1909f56bfc062723c751e8b465ee728b)
Start importing Assets/외부 에셋/Gif/Ruccho/FangAutoTile/Sample/MapChip_pipo/base_134.asset using Guid(6146228e9beac774481b97b0a2e28bda) Importer(815301076,1909f56bfc062723c751e8b465ee728b) (PreviewImporter) -> (artifact id: '73543b47dc93e2a78ddd116b1aa83f9e') in 0.0123791 seconds
Number of updated asset objects reloaded before import = 0Number of asset objects unloaded after import = 3

========================================================================
Received Import Request.
  Time since last request: 7.802609 seconds.
  path: Assets/외부 에셋/Gif/Ruccho/FangAutoTile/Sample/Sample/sample.png
  artifactKey: Guid(16c432d438e858c48a9e5f00bf11b319) Importer(815301076,1909f56bfc062723c751e8b465ee728b)
Start importing Assets/외부 에셋/Gif/Ruccho/FangAutoTile/Sample/Sample/sample.png using Guid(16c432d438e858c48a9e5f00bf11b319) Importer(815301076,1909f56bfc062723c751e8b465ee728b) (PreviewImporter) -> (artifact id: '32ff30144a859a82b921ef98911103bc') in 0.0125932 seconds
Number of updated asset objects reloaded before import = 0Number of asset objects unloaded after import = 3

========================================================================
Received Import Request.
  Time since last request: 72.935363 seconds.
  path: Assets/외부 에셋/Gif/Super_Retro_Collection/Resources/Characters/NPC_front_frame_only.png
  artifactKey: Guid(082bfdb41df809e418cda0c6c6aaa5c3) Importer(815301076,1909f56bfc062723c751e8b465ee728b)
Start importing Assets/외부 에셋/Gif/Super_Retro_Collection/Resources/Characters/NPC_front_frame_only.png using Guid(082bfdb41df809e418cda0c6c6aaa5c3) Importer(815301076,1909f56bfc062723c751e8b465ee728b) (PreviewImporter) -> (artifact id: '6da6c5ecc57f6bd8fc56048f45df82f7') in 0.0097397 seconds
Number of updated asset objects reloaded before import = 0Number of asset objects unloaded after import = 2

========================================================================
Received Import Request.
  Time since last request: 0.000023 seconds.
  path: Assets/외부 에셋/Gif/Super_Retro_Collection/Resources/Characters
  artifactKey: Guid(a168b20e8550cc740b91ed624009f99c) Importer(815301076,1909f56bfc062723c751e8b465ee728b)
Start importing Assets/외부 에셋/Gif/Super_Retro_Collection/Resources/Characters using Guid(a168b20e8550cc740b91ed624009f99c) Importer(815301076,1909f56bfc062723c751e8b465ee728b) (PreviewImporter) -> (artifact id: 'bc761f6e937174ad5faec3296d7645fc') in 0.0004459 seconds
Number of updated asset objects reloaded before import = 0Number of asset objects unloaded after import = 0

========================================================================
Received Import Request.
  Time since last request: 1.075148 seconds.
  path: Assets/외부 에셋/Gif/Super_Retro_Collection/Resources/Characters/chara_03
  artifactKey: Guid(52d191cc9b3cc39458d1e4e7a3125b9e) Importer(815301076,1909f56bfc062723c751e8b465ee728b)
Start importing Assets/외부 에셋/Gif/Super_Retro_Collection/Resources/Characters/chara_03 using Guid(52d191cc9b3cc39458d1e4e7a3125b9e) Importer(815301076,1909f56bfc062723c751e8b465ee728b) (PreviewImporter) -> (artifact id: 'c0652cec666d19e5b0a88e6d4feef86a') in 0.0005343 seconds
Number of updated asset objects reloaded before import = 0Number of asset objects unloaded after import = 0

========================================================================
Received Import Request.
  Time since last request: 11.454850 seconds.
  path: Assets/외부 에셋/Gif/Super_Retro_Collection/Resources/Backgrounds/DesertB.png
  artifactKey: Guid(d562254a20855a44993293b84d18f388) Importer(815301076,1909f56bfc062723c751e8b465ee728b)
Start importing Assets/외부 에셋/Gif/Super_Retro_Collection/Resources/Backgrounds/DesertB.png using Guid(d562254a20855a44993293b84d18f388) Importer(815301076,1909f56bfc062723c751e8b465ee728b) (PreviewImporter) -> (artifact id: 'd03a5b24bf194564fc7ae026172f95bd') in 0.0136814 seconds
Number of updated asset objects reloaded before import = 0Number of asset objects unloaded after import = 3

========================================================================
Received Import Request.
  Time since last request: 0.000026 seconds.
  path: Assets/외부 에셋/Gif/Super_Retro_Collection/Resources/Backgrounds/ForestC.png
  artifactKey: Guid(0c182be27d26b4a408726094f68c38c0) Importer(815301076,1909f56bfc062723c751e8b465ee728b)
Start importing Assets/외부 에셋/Gif/Super_Retro_Collection/Resources/Backgrounds/ForestC.png using Guid(0c182be27d26b4a408726094f68c38c0) Importer(815301076,1909f56bfc062723c751e8b465ee728b) (PreviewImporter) -> (artifact id: '43530ebcc5c9e672fbea79b56397b967') in 0.0144087 seconds
Number of updated asset objects reloaded before import = 0Number of asset objects unloaded after import = 3

========================================================================
Received Import Request.
  Time since last request: 0.000026 seconds.
  path: Assets/외부 에셋/Gif/Super_Retro_Collection/Resources/Backgrounds/DungeonB.png
  artifactKey: Guid(8d8f183cd1e65554ca2cac9746bdde58) Importer(815301076,1909f56bfc062723c751e8b465ee728b)
Start importing Assets/외부 에셋/Gif/Super_Retro_Collection/Resources/Backgrounds/DungeonB.png using Guid(8d8f183cd1e65554ca2cac9746bdde58) Importer(815301076,1909f56bfc062723c751e8b465ee728b) (PreviewImporter) -> (artifact id: '13ef3c27f8cc5afd2ff1d2c80617bcfd') in 0.0129393 seconds
Number of updated asset objects reloaded before import = 0Number of asset objects unloaded after import = 3

========================================================================
Received Import Request.
  Time since last request: 0.000017 seconds.
  path: Assets/외부 에셋/Gif/Super_Retro_Collection/Resources/Backgrounds/ForestB.png
  artifactKey: Guid(449495ba7a9146042a40ac5ede47aac3) Importer(815301076,1909f56bfc062723c751e8b465ee728b)
Start importing Assets/외부 에셋/Gif/Super_Retro_Collection/Resources/Backgrounds/ForestB.png using Guid(449495ba7a9146042a40ac5ede47aac3) Importer(815301076,1909f56bfc062723c751e8b465ee728b) (PreviewImporter) -> (artifact id: '2ba4f7a7b2fee7d83db8f366053fa2d5') in 0.0134632 seconds
Number of updated asset objects reloaded before import = 0Number of asset objects unloaded after import = 3

========================================================================
Received Import Request.
  Time since last request: 0.000018 seconds.
  path: Assets/외부 에셋/Gif/Super_Retro_Collection/Resources/Backgrounds/DungeonA.png
  artifactKey: Guid(5e47d8696682aeb4c824d4d80ecf94bf) Importer(815301076,1909f56bfc062723c751e8b465ee728b)
Start importing Assets/외부 에셋/Gif/Super_Retro_Collection/Resources/Backgrounds/DungeonA.png using Guid(5e47d8696682aeb4c824d4d80ecf94bf) Importer(815301076,1909f56bfc062723c751e8b465ee728b) (PreviewImporter) -> (artifact id: '7874abdaa98f1525e3e6404c4dce79fd') in 0.01242 seconds
Number of updated asset objects reloaded before import = 0Number of asset objects unloaded after import = 3

========================================================================
Received Import Request.
  Time since last request: 0.000021 seconds.
  path: Assets/외부 에셋/Gif/Super_Retro_Collection/Resources/Backgrounds/PlainA.png
  artifactKey: Guid(044f2379a12dd2f4a93278fa8d171000) Importer(815301076,1909f56bfc062723c751e8b465ee728b)
Start importing Assets/외부 에셋/Gif/Super_Retro_Collection/Resources/Backgrounds/PlainA.png using Guid(044f2379a12dd2f4a93278fa8d171000) Importer(815301076,1909f56bfc062723c751e8b465ee728b) (PreviewImporter) -> (artifact id: '3856454358b7102a6677b16a8d485bc0') in 0.0109206 seconds
Number of updated asset objects reloaded before import = 0Number of asset objects unloaded after import = 3

========================================================================
Received Import Request.
  Time since last request: 4.733193 seconds.
  path: Assets/외부 에셋/Gif/Super_Retro_Collection/Resources/Battlers/Character_01.png
  artifactKey: Guid(3837193819449e240a00b8d51e90df9d) Importer(815301076,1909f56bfc062723c751e8b465ee728b)
Start importing Assets/외부 에셋/Gif/Super_Retro_Collection/Resources/Battlers/Character_01.png using Guid(3837193819449e240a00b8d51e90df9d) Importer(815301076,1909f56bfc062723c751e8b465ee728b) (PreviewImporter) -> (artifact id: 'cac57c64d243d89eb52946ae0923abfd') in 0.0118266 seconds
Number of updated asset objects reloaded before import = 0Number of asset objects unloaded after import = 3

========================================================================
Received Import Request.
  Time since last request: 0.000020 seconds.
  path: Assets/외부 에셋/Gif/Super_Retro_Collection/Resources/Battlers/SkeletonwarriorB.png
  artifactKey: Guid(b491ea34846679b4d984f8f22183e039) Importer(815301076,1909f56bfc062723c751e8b465ee728b)
Start importing Assets/외부 에셋/Gif/Super_Retro_Collection/Resources/Battlers/SkeletonwarriorB.png using Guid(b491ea34846679b4d984f8f22183e039) Importer(815301076,1909f56bfc062723c751e8b465ee728b) (PreviewImporter) -> (artifact id: '2e2bbbe2e59652e59a2d7f4debf51462') in 0.0206087 seconds
Number of updated asset objects reloaded before import = 0Number of asset objects unloaded after import = 3

========================================================================
Received Import Request.
  Time since last request: 0.000032 seconds.
  path: Assets/외부 에셋/Gif/Super_Retro_Collection/Resources/Battlers/MushroomC.png
  artifactKey: Guid(87b065d52847f444ebb8633199e63838) Importer(815301076,1909f56bfc062723c751e8b465ee728b)
Start importing Assets/외부 에셋/Gif/Super_Retro_Collection/Resources/Battlers/MushroomC.png using Guid(87b065d52847f444ebb8633199e63838) Importer(815301076,1909f56bfc062723c751e8b465ee728b) (PreviewImporter) -> (artifact id: '48876c87c7d16690a51f48d8cb80675b') in 0.0124068 seconds
Number of updated asset objects reloaded before import = 0Number of asset objects unloaded after import = 3

========================================================================
Received Import Request.
  Time since last request: 0.000018 seconds.
  path: Assets/외부 에셋/Gif/Super_Retro_Collection/Resources/Battlers/SlimeswordG.png
  artifactKey: Guid(4572b1df39b26804a920a2ae9eac504b) Importer(815301076,1909f56bfc062723c751e8b465ee728b)
Start importing Assets/외부 에셋/Gif/Super_Retro_Collection/Resources/Battlers/SlimeswordG.png using Guid(4572b1df39b26804a920a2ae9eac504b) Importer(815301076,1909f56bfc062723c751e8b465ee728b) (PreviewImporter) -> (artifact id: '4acdbfa3e5a58e0f0c001d0f26b9ee8d') in 0.0103158 seconds
Number of updated asset objects reloaded before import = 0Number of asset objects unloaded after import = 3

========================================================================
Received Import Request.
  Time since last request: 0.000018 seconds.
  path: Assets/외부 에셋/Gif/Super_Retro_Collection/Resources/Battlers/SlimeC.png
  artifactKey: Guid(350e814a47cf9ac46a464f4a99b1951a) Importer(815301076,1909f56bfc062723c751e8b465ee728b)
Start importing Assets/외부 에셋/Gif/Super_Retro_Collection/Resources/Battlers/SlimeC.png using Guid(350e814a47cf9ac46a464f4a99b1951a) Importer(815301076,1909f56bfc062723c751e8b465ee728b) (PreviewImporter) -> (artifact id: 'e26afbed7888ec940bc879b30ed2fd5e') in 0.0112192 seconds
Number of updated asset objects reloaded before import = 0Number of asset objects unloaded after import = 3

========================================================================
Received Import Request.
  Time since last request: 0.000024 seconds.
  path: Assets/외부 에셋/Gif/Super_Retro_Collection/Resources/Battlers/SlimeG.png
  artifactKey: Guid(b95f771afc730fb4c8f1ea023a270d65) Importer(815301076,1909f56bfc062723c751e8b465ee728b)
Start importing Assets/외부 에셋/Gif/Super_Retro_Collection/Resources/Battlers/SlimeG.png using Guid(b95f771afc730fb4c8f1ea023a270d65) Importer(815301076,1909f56bfc062723c751e8b465ee728b) (PreviewImporter) -> (artifact id: '1253ed36339d7708fb32fa57635dc468') in 0.0108905 seconds
Number of updated asset objects reloaded before import = 0Number of asset objects unloaded after import = 3

========================================================================
Received Import Request.
  Time since last request: 0.000017 seconds.
  path: Assets/외부 에셋/Gif/Super_Retro_Collection/Resources/Battlers/SuccubusA.png
  artifactKey: Guid(767ace6aac7ce2b47a085e7ba30e7a11) Importer(815301076,1909f56bfc062723c751e8b465ee728b)
Start importing Assets/외부 에셋/Gif/Super_Retro_Collection/Resources/Battlers/SuccubusA.png using Guid(767ace6aac7ce2b47a085e7ba30e7a11) Importer(815301076,1909f56bfc062723c751e8b465ee728b) (PreviewImporter) -> (artifact id: 'f6e9a48203b409a006a62e8743ec8ff3') in 0.0120285 seconds
Number of updated asset objects reloaded before import = 0Number of asset objects unloaded after import = 3

========================================================================
Received Import Request.
  Time since last request: 0.000020 seconds.
  path: Assets/외부 에셋/Gif/Super_Retro_Collection/Resources/Battlers/GhostB.png
  artifactKey: Guid(07ba42c5029b2af4dbe6a6b404c07838) Importer(815301076,1909f56bfc062723c751e8b465ee728b)
Start importing Assets/외부 에셋/Gif/Super_Retro_Collection/Resources/Battlers/GhostB.png using Guid(07ba42c5029b2af4dbe6a6b404c07838) Importer(815301076,1909f56bfc062723c751e8b465ee728b) (PreviewImporter) -> (artifact id: '2312233a9687a86f34350cb7b71935ec') in 0.0108134 seconds
Number of updated asset objects reloaded before import = 0Number of asset objects unloaded after import = 3

========================================================================
Received Import Request.
  Time since last request: 0.000019 seconds.
  path: Assets/외부 에셋/Gif/Super_Retro_Collection/Resources/Battlers/ZombiC.png
  artifactKey: Guid(74f194758e78b514dafb1fa3b7fd63d8) Importer(815301076,1909f56bfc062723c751e8b465ee728b)
Start importing Assets/외부 에셋/Gif/Super_Retro_Collection/Resources/Battlers/ZombiC.png using Guid(74f194758e78b514dafb1fa3b7fd63d8) Importer(815301076,1909f56bfc062723c751e8b465ee728b) (PreviewImporter) -> (artifact id: 'c6a056b8f8faceaa895a423d2bd4cb9c') in 0.0107369 seconds
Number of updated asset objects reloaded before import = 0Number of asset objects unloaded after import = 3

========================================================================
Received Import Request.
  Time since last request: 0.000027 seconds.
  path: Assets/외부 에셋/Gif/Super_Retro_Collection/Resources/Battlers/ScorpionB.png
  artifactKey: Guid(5f3eec7eafe6976449bf0c63319e3451) Importer(815301076,1909f56bfc062723c751e8b465ee728b)
Start importing Assets/외부 에셋/Gif/Super_Retro_Collection/Resources/Battlers/ScorpionB.png using Guid(5f3eec7eafe6976449bf0c63319e3451) Importer(815301076,1909f56bfc062723c751e8b465ee728b) (PreviewImporter) -> (artifact id: '8f01b933102b1e64777b043cfb45b335') in 0.0118392 seconds
Number of updated asset objects reloaded before import = 0Number of asset objects unloaded after import = 3

========================================================================
Received Import Request.
  Time since last request: 0.000015 seconds.
  path: Assets/외부 에셋/Gif/Super_Retro_Collection/Resources/Battlers/SlimeswordA.png
  artifactKey: Guid(34d4c6255956f2a43baeb85b2959db99) Importer(815301076,1909f56bfc062723c751e8b465ee728b)
Start importing Assets/외부 에셋/Gif/Super_Retro_Collection/Resources/Battlers/SlimeswordA.png using Guid(34d4c6255956f2a43baeb85b2959db99) Importer(815301076,1909f56bfc062723c751e8b465ee728b) (PreviewImporter) -> (artifact id: '0f2faacb18fa322a0df14de609fda0c9') in 0.0121465 seconds
Number of updated asset objects reloaded before import = 0Number of asset objects unloaded after import = 3

========================================================================
Received Import Request.
  Time since last request: 0.000015 seconds.
  path: Assets/외부 에셋/Gif/Super_Retro_Collection/Resources/Battlers/MushroomA.png
  artifactKey: Guid(63dad2c5a11b0ab42a7f989a5f3a8988) Importer(815301076,1909f56bfc062723c751e8b465ee728b)
Start importing Assets/외부 에셋/Gif/Super_Retro_Collection/Resources/Battlers/MushroomA.png using Guid(63dad2c5a11b0ab42a7f989a5f3a8988) Importer(815301076,1909f56bfc062723c751e8b465ee728b) (PreviewImporter) -> (artifact id: 'b99e2b79ef7f265bda1851751f9709f9') in 0.0116898 seconds
Number of updated asset objects reloaded before import = 0Number of asset objects unloaded after import = 3

========================================================================
Received Import Request.
  Time since last request: 0.000015 seconds.
  path: Assets/외부 에셋/Gif/Super_Retro_Collection/Resources/Battlers/SkeletonwarriorC.png
  artifactKey: Guid(2ac1f70f9dd5df24ba6e80a262762550) Importer(815301076,1909f56bfc062723c751e8b465ee728b)
Start importing Assets/외부 에셋/Gif/Super_Retro_Collection/Resources/Battlers/SkeletonwarriorC.png using Guid(2ac1f70f9dd5df24ba6e80a262762550) Importer(815301076,1909f56bfc062723c751e8b465ee728b) (PreviewImporter) -> (artifact id: 'dad242fbb4559867d52eaa45cc9c98aa') in 0.0105866 seconds
Number of updated asset objects reloaded before import = 0Number of asset objects unloaded after import = 3

========================================================================
Received Import Request.
  Time since last request: 0.000017 seconds.
  path: Assets/외부 에셋/Gif/Super_Retro_Collection/Resources/Battlers/GeniusA.png
  artifactKey: Guid(683c018cbe2373b46845197f8846b842) Importer(815301076,1909f56bfc062723c751e8b465ee728b)
Start importing Assets/외부 에셋/Gif/Super_Retro_Collection/Resources/Battlers/GeniusA.png using Guid(683c018cbe2373b46845197f8846b842) Importer(815301076,1909f56bfc062723c751e8b465ee728b) (PreviewImporter) -> (artifact id: '0b27fbf823f3bf8e717159ba9c044921') in 0.0117829 seconds
Number of updated asset objects reloaded before import = 0Number of asset objects unloaded after import = 3

========================================================================
Received Import Request.
  Time since last request: 0.000014 seconds.
  path: Assets/외부 에셋/Gif/Super_Retro_Collection/Resources/Battlers/LamiaC.png
  artifactKey: Guid(fd059c034327db74489a184e1dd1dd7a) Importer(815301076,1909f56bfc062723c751e8b465ee728b)
Start importing Assets/외부 에셋/Gif/Super_Retro_Collection/Resources/Battlers/LamiaC.png using Guid(fd059c034327db74489a184e1dd1dd7a) Importer(815301076,1909f56bfc062723c751e8b465ee728b) (PreviewImporter) -> (artifact id: '15bb51ea8d23d71b7983ad2ca1783dd7') in 0.0109385 seconds
Number of updated asset objects reloaded before import = 0Number of asset objects unloaded after import = 3

========================================================================
Received Import Request.
  Time since last request: 0.000025 seconds.
  path: Assets/외부 에셋/Gif/Super_Retro_Collection/Resources/Battlers/SlimeF.png
  artifactKey: Guid(869d3d86239aea3408f532e0d0a54630) Importer(815301076,1909f56bfc062723c751e8b465ee728b)
Start importing Assets/외부 에셋/Gif/Super_Retro_Collection/Resources/Battlers/SlimeF.png using Guid(869d3d86239aea3408f532e0d0a54630) Importer(815301076,1909f56bfc062723c751e8b465ee728b) (PreviewImporter) -> (artifact id: '094dce2ec70e645082ac05b521e3b0be') in 0.0106775 seconds
Number of updated asset objects reloaded before import = 0Number of asset objects unloaded after import = 3

========================================================================
Received Import Request.
  Time since last request: 11.132430 seconds.
  path: Assets/외부 에셋/Gif/Super_Retro_Collection/Resources/Environments/stacked_trees.png
  artifactKey: Guid(cdb710461a77696478b7d2f4ef8761ba) Importer(815301076,1909f56bfc062723c751e8b465ee728b)
Start importing Assets/외부 에셋/Gif/Super_Retro_Collection/Resources/Environments/stacked_trees.png using Guid(cdb710461a77696478b7d2f4ef8761ba) Importer(815301076,1909f56bfc062723c751e8b465ee728b) (PreviewImporter) -> (artifact id: 'c7fdf725e325a78dc77fba7300f1fb84') in 0.3311235 seconds
Number of updated asset objects reloaded before import = 0Number of asset objects unloaded after import = 490

========================================================================
Received Import Request.
  Time since last request: 1.525081 seconds.
  path: Assets/외부 에셋/Gif/Super_Retro_Collection/Resources/Environments/TilePalette_updates
  artifactKey: Guid(0afead6809c34a448ab1142d15db2eb9) Importer(815301076,1909f56bfc062723c751e8b465ee728b)
Start importing Assets/외부 에셋/Gif/Super_Retro_Collection/Resources/Environments/TilePalette_updates using Guid(0afead6809c34a448ab1142d15db2eb9) Importer(815301076,1909f56bfc062723c751e8b465ee728b) (PreviewImporter) -> (artifact id: '0e9287bfc3b38b2b5ecd173e24b00a3f') in 0.0004618 seconds
Number of updated asset objects reloaded before import = 0Number of asset objects unloaded after import = 0

========================================================================
Received Import Request.
  Time since last request: 2.276692 seconds.
  path: Assets/외부 에셋/Gif/Super_Retro_Collection/Resources/Environments/TilePalette_updates/2.5.0/Sprite-0001_0.asset
  artifactKey: Guid(1a7616dd1ecc8ee4a9c56911f9534081) Importer(815301076,1909f56bfc062723c751e8b465ee728b)
Start importing Assets/외부 에셋/Gif/Super_Retro_Collection/Resources/Environments/TilePalette_updates/2.5.0/Sprite-0001_0.asset using Guid(1a7616dd1ecc8ee4a9c56911f9534081) Importer(815301076,1909f56bfc062723c751e8b465ee728b) (PreviewImporter) -> (artifact id: '737ee149cc3dfe1504eccda34336aaff') in 0.0098418 seconds
Number of updated asset objects reloaded before import = 0Number of asset objects unloaded after import = 3

========================================================================
Received Import Request.
  Time since last request: 0.000020 seconds.
  path: Assets/외부 에셋/Gif/Super_Retro_Collection/Resources/Environments/TilePalette_updates/2.5.0/Sprite-0003_6.asset
  artifactKey: Guid(9cb6aaf59fb33da4597f233403658ff2) Importer(815301076,1909f56bfc062723c751e8b465ee728b)
Start importing Assets/외부 에셋/Gif/Super_Retro_Collection/Resources/Environments/TilePalette_updates/2.5.0/Sprite-0003_6.asset using Guid(9cb6aaf59fb33da4597f233403658ff2) Importer(815301076,1909f56bfc062723c751e8b465ee728b) (PreviewImporter) -> (artifact id: 'e856a284d51e8601aec58da917f82b90') in 0.0100941 seconds
Number of updated asset objects reloaded before import = 0Number of asset objects unloaded after import = 3

========================================================================
Received Import Request.
  Time since last request: 0.000024 seconds.
  path: Assets/외부 에셋/Gif/Super_Retro_Collection/Resources/Environments/TilePalette_updates/2.5.0/Sprite-0004.asset
  artifactKey: Guid(75c99fda1493b6146b74871029b0c4ff) Importer(815301076,1909f56bfc062723c751e8b465ee728b)
Start importing Assets/외부 에셋/Gif/Super_Retro_Collection/Resources/Environments/TilePalette_updates/2.5.0/Sprite-0004.asset using Guid(75c99fda1493b6146b74871029b0c4ff) Importer(815301076,1909f56bfc062723c751e8b465ee728b) (PreviewImporter) -> (artifact id: 'd0a816deb9af908c7035532692f9cb59') in 0.0088649 seconds
Number of updated asset objects reloaded before import = 0Number of asset objects unloaded after import = 3

========================================================================
Received Import Request.
  Time since last request: 0.000027 seconds.
  path: Assets/외부 에셋/Gif/Super_Retro_Collection/Resources/Environments/TilePalette_updates/2.5.0/Sprite-0001_7.asset
  artifactKey: Guid(f54f73c896198ac42b6c4c2d3f496bcd) Importer(815301076,1909f56bfc062723c751e8b465ee728b)
Start importing Assets/외부 에셋/Gif/Super_Retro_Collection/Resources/Environments/TilePalette_updates/2.5.0/Sprite-0001_7.asset using Guid(f54f73c896198ac42b6c4c2d3f496bcd) Importer(815301076,1909f56bfc062723c751e8b465ee728b) (PreviewImporter) -> (artifact id: '7c2f3ceafc6ce0c4ab9a4ba13ff8a5bb') in 0.0081041 seconds
Number of updated asset objects reloaded before import = 0Number of asset objects unloaded after import = 3

========================================================================
Received Import Request.
  Time since last request: 0.000016 seconds.
  path: Assets/외부 에셋/Gif/Super_Retro_Collection/Resources/Environments/TilePalette_updates/2.5.0/Sprite-0004.png
  artifactKey: Guid(7cd7cdf499121b642a3983150e36b7ff) Importer(815301076,1909f56bfc062723c751e8b465ee728b)
Start importing Assets/외부 에셋/Gif/Super_Retro_Collection/Resources/Environments/TilePalette_updates/2.5.0/Sprite-0004.png using Guid(7cd7cdf499121b642a3983150e36b7ff) Importer(815301076,1909f56bfc062723c751e8b465ee728b) (PreviewImporter) -> (artifact id: '08d6baf5c0b6d7e0cbb4c60d335e7e48') in 0.0101889 seconds
Number of updated asset objects reloaded before import = 0Number of asset objects unloaded after import = 3

========================================================================
Received Import Request.
  Time since last request: 0.000026 seconds.
  path: Assets/외부 에셋/Gif/Super_Retro_Collection/Resources/Environments/TilePalette_updates/2.5.0/Sprite-0003_11.asset
  artifactKey: Guid(0f20797bb901efa4ca4a924e7184432a) Importer(815301076,1909f56bfc062723c751e8b465ee728b)
Start importing Assets/외부 에셋/Gif/Super_Retro_Collection/Resources/Environments/TilePalette_updates/2.5.0/Sprite-0003_11.asset using Guid(0f20797bb901efa4ca4a924e7184432a) Importer(815301076,1909f56bfc062723c751e8b465ee728b) (PreviewImporter) -> (artifact id: '43620f6a82f2fa19792aecce7cff1d11') in 0.0091356 seconds
Number of updated asset objects reloaded before import = 0Number of asset objects unloaded after import = 3

========================================================================
Received Import Request.
  Time since last request: 0.000019 seconds.
  path: Assets/외부 에셋/Gif/Super_Retro_Collection/Resources/Environments/TilePalette_updates/2.5.0/Sprite-0003_2.asset
  artifactKey: Guid(65b6dc6bc3d23474e83da17e7e5ba50c) Importer(815301076,1909f56bfc062723c751e8b465ee728b)
Start importing Assets/외부 에셋/Gif/Super_Retro_Collection/Resources/Environments/TilePalette_updates/2.5.0/Sprite-0003_2.asset using Guid(65b6dc6bc3d23474e83da17e7e5ba50c) Importer(815301076,1909f56bfc062723c751e8b465ee728b) (PreviewImporter) -> (artifact id: '920e86fec57ab1e5d4627f16e24bd63f') in 0.0110914 seconds
Number of updated asset objects reloaded before import = 0Number of asset objects unloaded after import = 3

========================================================================
Received Import Request.
  Time since last request: 0.000017 seconds.
  path: Assets/외부 에셋/Gif/Super_Retro_Collection/Resources/Environments/TilePalette_updates/2.5.0/Sprite-0001_11.asset
  artifactKey: Guid(3eb2950ff3616d6479a3888444c37063) Importer(815301076,1909f56bfc062723c751e8b465ee728b)
Start importing Assets/외부 에셋/Gif/Super_Retro_Collection/Resources/Environments/TilePalette_updates/2.5.0/Sprite-0001_11.asset using Guid(3eb2950ff3616d6479a3888444c37063) Importer(815301076,1909f56bfc062723c751e8b465ee728b) (PreviewImporter) -> (artifact id: '3d55e425eb8c330b56cdf54c99690476') in 0.0105681 seconds
Number of updated asset objects reloaded before import = 0Number of asset objects unloaded after import = 3

========================================================================
Received Import Request.
  Time since last request: 0.000016 seconds.
  path: Assets/외부 에셋/Gif/Super_Retro_Collection/Resources/Environments/TilePalette_updates/2.5.0/Sprite-0001_5.asset
  artifactKey: Guid(fd357e184532e7348896ffc64f15c430) Importer(815301076,1909f56bfc062723c751e8b465ee728b)
Start importing Assets/외부 에셋/Gif/Super_Retro_Collection/Resources/Environments/TilePalette_updates/2.5.0/Sprite-0001_5.asset using Guid(fd357e184532e7348896ffc64f15c430) Importer(815301076,1909f56bfc062723c751e8b465ee728b) (PreviewImporter) -> (artifact id: '5a4dcba032d1d3bcbf48f5452f9e8a03') in 0.0094272 seconds
Number of updated asset objects reloaded before import = 0Number of asset objects unloaded after import = 3

========================================================================
Received Import Request.
  Time since last request: 0.000019 seconds.
  path: Assets/외부 에셋/Gif/Super_Retro_Collection/Resources/Environments/TilePalette_updates/2.5.0/Sprite-0001_4.asset
  artifactKey: Guid(055afda694287554aa4711a215c4939b) Importer(815301076,1909f56bfc062723c751e8b465ee728b)
Start importing Assets/외부 에셋/Gif/Super_Retro_Collection/Resources/Environments/TilePalette_updates/2.5.0/Sprite-0001_4.asset using Guid(055afda694287554aa4711a215c4939b) Importer(815301076,1909f56bfc062723c751e8b465ee728b) (PreviewImporter) -> (artifact id: '256a1e477d5b139e32d95043eeb72344') in 0.0081219 seconds
Number of updated asset objects reloaded before import = 0Number of asset objects unloaded after import = 3

========================================================================
Received Import Request.
  Time since last request: 0.000048 seconds.
  path: Assets/외부 에셋/Gif/Super_Retro_Collection/Resources/Environments/TilePalette_updates/2.5.0/Sprite-0003_4.asset
  artifactKey: Guid(3ba78c01d7718194b804ffbc929ae995) Importer(815301076,1909f56bfc062723c751e8b465ee728b)
Start importing Assets/외부 에셋/Gif/Super_Retro_Collection/Resources/Environments/TilePalette_updates/2.5.0/Sprite-0003_4.asset using Guid(3ba78c01d7718194b804ffbc929ae995) Importer(815301076,1909f56bfc062723c751e8b465ee728b) (PreviewImporter) -> (artifact id: '72d3dc4533844c8665e9bbd5995463e5') in 0.0111134 seconds
Number of updated asset objects reloaded before import = 0Number of asset objects unloaded after import = 3

========================================================================
Received Import Request.
  Time since last request: 0.000019 seconds.
  path: Assets/외부 에셋/Gif/Super_Retro_Collection/Resources/Environments/TilePalette_updates/2.5.0/Sprite-0003.png
  artifactKey: Guid(b78f380e78cca834a82b8223c6f2db40) Importer(815301076,1909f56bfc062723c751e8b465ee728b)
Start importing Assets/외부 에셋/Gif/Super_Retro_Collection/Resources/Environments/TilePalette_updates/2.5.0/Sprite-0003.png using Guid(b78f380e78cca834a82b8223c6f2db40) Importer(815301076,1909f56bfc062723c751e8b465ee728b) (PreviewImporter) -> (artifact id: '206aeb5d78c558fc98773eeaf7922db2') in 0.0219763 seconds
Number of updated asset objects reloaded before import = 0Number of asset objects unloaded after import = 18

========================================================================
Received Import Request.
  Time since last request: 10.324804 seconds.
  path: Assets/외부 에셋/Gif/Super_Retro_Collection/Resources/Environments/TilePalette_updates/2.7.4/anim_autotile_34.png
  artifactKey: Guid(f7a2efe59678612498ff5e9cf62fbd2f) Importer(815301076,1909f56bfc062723c751e8b465ee728b)
Start importing Assets/외부 에셋/Gif/Super_Retro_Collection/Resources/Environments/TilePalette_updates/2.7.4/anim_autotile_34.png using Guid(f7a2efe59678612498ff5e9cf62fbd2f) Importer(815301076,1909f56bfc062723c751e8b465ee728b) (PreviewImporter) -> (artifact id: 'cffee8ebb6febd6ed29f552aaf85dec2') in 0.0256609 seconds
Number of updated asset objects reloaded before import = 0Number of asset objects unloaded after import = 3

========================================================================
Received Import Request.
  Time since last request: 0.000022 seconds.
  path: Assets/외부 에셋/Gif/Super_Retro_Collection/Resources/Environments/TilePalette_updates/2.7.4/New Fang Auto Tile 1.asset
  artifactKey: Guid(9d1fa6b5d82b524439be845294aac59f) Importer(815301076,1909f56bfc062723c751e8b465ee728b)
Start importing Assets/외부 에셋/Gif/Super_Retro_Collection/Resources/Environments/TilePalette_updates/2.7.4/New Fang Auto Tile 1.asset using Guid(9d1fa6b5d82b524439be845294aac59f) Importer(815301076,1909f56bfc062723c751e8b465ee728b) (PreviewImporter) -> (artifact id: '3ec8dcb402db6999ab92e745e5edf24f') in 0.022753 seconds
Number of updated asset objects reloaded before import = 0Number of asset objects unloaded after import = 192

========================================================================
Received Import Request.
  Time since last request: 0.000028 seconds.
  path: Assets/외부 에셋/Gif/Super_Retro_Collection/Resources/Environments/TilePalette_updates/2.7.4/New Fang Auto Tile 4.asset
  artifactKey: Guid(65715e3dc4900d34da4feb34bb850733) Importer(815301076,1909f56bfc062723c751e8b465ee728b)
Start importing Assets/외부 에셋/Gif/Super_Retro_Collection/Resources/Environments/TilePalette_updates/2.7.4/New Fang Auto Tile 4.asset using Guid(65715e3dc4900d34da4feb34bb850733) Importer(815301076,1909f56bfc062723c751e8b465ee728b) (PreviewImporter) -> (artifact id: '029a52d44aca7d86811c174778284725') in 0.020127 seconds
Number of updated asset objects reloaded before import = 0Number of asset objects unloaded after import = 192

========================================================================
Received Import Request.
  Time since last request: 0.000022 seconds.
  path: Assets/외부 에셋/Gif/Super_Retro_Collection/Resources/Environments/TilePalette_updates/2.7.4/anim_autotile_48.png
  artifactKey: Guid(352458ed090527046b23e6ca36eeef0d) Importer(815301076,1909f56bfc062723c751e8b465ee728b)
Start importing Assets/외부 에셋/Gif/Super_Retro_Collection/Resources/Environments/TilePalette_updates/2.7.4/anim_autotile_48.png using Guid(352458ed090527046b23e6ca36eeef0d) Importer(815301076,1909f56bfc062723c751e8b465ee728b) (PreviewImporter) -> (artifact id: 'cca31ca8fecda6b7bbe2e884fd1155c8') in 0.0076032 seconds
Number of updated asset objects reloaded before import = 0Number of asset objects unloaded after import = 3

========================================================================
Received Import Request.
  Time since last request: 0.000015 seconds.
  path: Assets/외부 에셋/Gif/Super_Retro_Collection/Resources/Environments/TilePalette_updates/2.7.4/New Fang Auto Tile 11.asset
  artifactKey: Guid(3cc1ee7c2cf707848a8305fbabe90529) Importer(815301076,1909f56bfc062723c751e8b465ee728b)
Start importing Assets/외부 에셋/Gif/Super_Retro_Collection/Resources/Environments/TilePalette_updates/2.7.4/New Fang Auto Tile 11.asset using Guid(3cc1ee7c2cf707848a8305fbabe90529) Importer(815301076,1909f56bfc062723c751e8b465ee728b) (PreviewImporter) -> (artifact id: '66b05847015347e0659565680a55f54f') in 0.0181052 seconds
Number of updated asset objects reloaded before import = 0Number of asset objects unloaded after import = 192

========================================================================
Received Import Request.
  Time since last request: 0.000018 seconds.
  path: Assets/외부 에셋/Gif/Super_Retro_Collection/Resources/Environments/TilePalette_updates/2.7.4/New Fang Auto Tile 13.asset
  artifactKey: Guid(83d349e97069ff44f9e044440f115eb7) Importer(815301076,1909f56bfc062723c751e8b465ee728b)
Start importing Assets/외부 에셋/Gif/Super_Retro_Collection/Resources/Environments/TilePalette_updates/2.7.4/New Fang Auto Tile 13.asset using Guid(83d349e97069ff44f9e044440f115eb7) Importer(815301076,1909f56bfc062723c751e8b465ee728b) (PreviewImporter) -> (artifact id: '4f08080760df7f7f1ad36bc2eb770d8d') in 0.0227719 seconds
Number of updated asset objects reloaded before import = 0Number of asset objects unloaded after import = 192

========================================================================
Received Import Request.
  Time since last request: 0.000018 seconds.
  path: Assets/외부 에셋/Gif/Super_Retro_Collection/Resources/Environments/TilePalette_updates/2.7.4/New Fang Auto Tile 5.asset
  artifactKey: Guid(aab2dd20f7fa3814ea46b9593dfa6ba8) Importer(815301076,1909f56bfc062723c751e8b465ee728b)
Start importing Assets/외부 에셋/Gif/Super_Retro_Collection/Resources/Environments/TilePalette_updates/2.7.4/New Fang Auto Tile 5.asset using Guid(aab2dd20f7fa3814ea46b9593dfa6ba8) Importer(815301076,1909f56bfc062723c751e8b465ee728b) (PreviewImporter) -> (artifact id: 'c66e4f7f3e98bb2b1cb1dd526959d329') in 0.0230308 seconds
Number of updated asset objects reloaded before import = 0Number of asset objects unloaded after import = 192

========================================================================
Received Import Request.
  Time since last request: 0.000015 seconds.
  path: Assets/외부 에셋/Gif/Super_Retro_Collection/Resources/Environments/TilePalette_updates/2.7.4/New Fang Auto Tile 12.asset
  artifactKey: Guid(5b3e56b22ba5d38469d4d1ebe0a227c5) Importer(815301076,1909f56bfc062723c751e8b465ee728b)
Start importing Assets/외부 에셋/Gif/Super_Retro_Collection/Resources/Environments/TilePalette_updates/2.7.4/New Fang Auto Tile 12.asset using Guid(5b3e56b22ba5d38469d4d1ebe0a227c5) Importer(815301076,1909f56bfc062723c751e8b465ee728b) (PreviewImporter) -> (artifact id: '8a6de68bdfc731c85382d913acb68624') in 0.021022 seconds
Number of updated asset objects reloaded before import = 0Number of asset objects unloaded after import = 192

========================================================================
Received Import Request.
  Time since last request: 46.690454 seconds.
  path: Assets/외부 에셋/Gif/Ruccho/FangAutoTile/Sample/Tiles/mizu.asset
  artifactKey: Guid(c76a036c3af30fa4a8bb053c0687f44a) Importer(815301076,1909f56bfc062723c751e8b465ee728b)
Start importing Assets/외부 에셋/Gif/Ruccho/FangAutoTile/Sample/Tiles/mizu.asset using Guid(c76a036c3af30fa4a8bb053c0687f44a) Importer(815301076,1909f56bfc062723c751e8b465ee728b) (PreviewImporter) -> (artifact id: 'd8d24e9b58f5d44c1956726bd1faff5f') in 0.0653556 seconds
Number of updated asset objects reloaded before import = 0Number of asset objects unloaded after import = 719

========================================================================
Received Import Request.
  Time since last request: 0.000021 seconds.
  path: Assets/외부 에셋/Gif/Ruccho/FangAutoTile/Sample/Tiles/yougan.asset
  artifactKey: Guid(d2e4c64d3f39cb94c845536a0839f875) Importer(815301076,1909f56bfc062723c751e8b465ee728b)
Start importing Assets/외부 에셋/Gif/Ruccho/FangAutoTile/Sample/Tiles/yougan.asset using Guid(d2e4c64d3f39cb94c845536a0839f875) Importer(815301076,1909f56bfc062723c751e8b465ee728b) (PreviewImporter) -> (artifact id: 'bafe701f2c9584b0f1e5d5badf1d6dc0') in 0.0576401 seconds
Number of updated asset objects reloaded before import = 0Number of asset objects unloaded after import = 719

========================================================================
Received Import Request.
  Time since last request: 21.643928 seconds.
  path: Assets/외부 에셋/M STUDIO/Card Game Kit/Base Assets/Card/card_frame.png
  artifactKey: Guid(c36fe195ef66f46d486661e9c22d5ff1) Importer(815301076,1909f56bfc062723c751e8b465ee728b)
Start importing Assets/외부 에셋/M STUDIO/Card Game Kit/Base Assets/Card/card_frame.png using Guid(c36fe195ef66f46d486661e9c22d5ff1) Importer(815301076,1909f56bfc062723c751e8b465ee728b) (PreviewImporter) -> (artifact id: 'b57ceb998a304d87bd2ba41e254fe43e') in 0.0225569 seconds
Number of updated asset objects reloaded before import = 0Number of asset objects unloaded after import = 3

========================================================================
Received Import Request.
  Time since last request: 0.000023 seconds.
  path: Assets/외부 에셋/M STUDIO/Card Game Kit/Base Assets/Card/card_type.png
  artifactKey: Guid(de73d6551715d4ad3abfe23b5591c365) Importer(815301076,1909f56bfc062723c751e8b465ee728b)
Start importing Assets/외부 에셋/M STUDIO/Card Game Kit/Base Assets/Card/card_type.png using Guid(de73d6551715d4ad3abfe23b5591c365) Importer(815301076,1909f56bfc062723c751e8b465ee728b) (PreviewImporter) -> (artifact id: '2efc5197c477dfd43786eaab986e0962') in 0.0127722 seconds
Number of updated asset objects reloaded before import = 0Number of asset objects unloaded after import = 3

========================================================================
Received Import Request.
  Time since last request: 5.213234 seconds.
  path: Assets/외부 에셋/M STUDIO/Card Game Kit/Base Assets/Intents/buff_attack_up.png
  artifactKey: Guid(810448b82870c45058f8b2de5423274a) Importer(815301076,1909f56bfc062723c751e8b465ee728b)
Start importing Assets/외부 에셋/M STUDIO/Card Game Kit/Base Assets/Intents/buff_attack_up.png using Guid(810448b82870c45058f8b2de5423274a) Importer(815301076,1909f56bfc062723c751e8b465ee728b) (PreviewImporter) -> (artifact id: '69312c1399202961b340ac5be05a5711') in 0.0125004 seconds
Number of updated asset objects reloaded before import = 0Number of asset objects unloaded after import = 3

========================================================================
Received Import Request.
  Time since last request: 0.000016 seconds.
  path: Assets/외부 에셋/M STUDIO/Card Game Kit/Base Assets/Intents/panel_defense_red.png
  artifactKey: Guid(0738c55849cce496aa854ffc250277af) Importer(815301076,1909f56bfc062723c751e8b465ee728b)
Start importing Assets/외부 에셋/M STUDIO/Card Game Kit/Base Assets/Intents/panel_defense_red.png using Guid(0738c55849cce496aa854ffc250277af) Importer(815301076,1909f56bfc062723c751e8b465ee728b) (PreviewImporter) -> (artifact id: '694577760b1a4a76be73fbea497eb4ba') in 0.0199845 seconds
Number of updated asset objects reloaded before import = 0Number of asset objects unloaded after import = 3

========================================================================
Received Import Request.
  Time since last request: 0.000018 seconds.
  path: Assets/외부 에셋/M STUDIO/Card Game Kit/Base Assets/Intents/buff_life_up.png
  artifactKey: Guid(98d622e3aaa3e464a933a2720153fdae) Importer(815301076,1909f56bfc062723c751e8b465ee728b)
Start importing Assets/외부 에셋/M STUDIO/Card Game Kit/Base Assets/Intents/buff_life_up.png using Guid(98d622e3aaa3e464a933a2720153fdae) Importer(815301076,1909f56bfc062723c751e8b465ee728b) (PreviewImporter) -> (artifact id: '1c05dfaa8062f87da071955319993390') in 0.010847 seconds
Number of updated asset objects reloaded before import = 0Number of asset objects unloaded after import = 3

========================================================================
Received Import Request.
  Time since last request: 3.209786 seconds.
  path: Assets/외부 에셋/M STUDIO/Card Game Kit/Base Assets/Map Icons/03.png
  artifactKey: Guid(dc5d58ad7051e4f9b838d0b9d987ff6b) Importer(815301076,1909f56bfc062723c751e8b465ee728b)
Start importing Assets/외부 에셋/M STUDIO/Card Game Kit/Base Assets/Map Icons/03.png using Guid(dc5d58ad7051e4f9b838d0b9d987ff6b) Importer(815301076,1909f56bfc062723c751e8b465ee728b) (PreviewImporter) -> (artifact id: '6d34c1081624d9ac46336db352615a54') in 0.0140425 seconds
Number of updated asset objects reloaded before import = 0Number of asset objects unloaded after import = 3

========================================================================
Received Import Request.
  Time since last request: 0.000021 seconds.
  path: Assets/외부 에셋/M STUDIO/Card Game Kit/Base Assets/Map Icons/C05.png
  artifactKey: Guid(dc69e41af30824de782b3f936f761fee) Importer(815301076,1909f56bfc062723c751e8b465ee728b)
Start importing Assets/외부 에셋/M STUDIO/Card Game Kit/Base Assets/Map Icons/C05.png using Guid(dc69e41af30824de782b3f936f761fee) Importer(815301076,1909f56bfc062723c751e8b465ee728b) (PreviewImporter) -> (artifact id: '8a3a4f491b1d91a38371a50fd32afba7') in 0.0128816 seconds
Number of updated asset objects reloaded before import = 0Number of asset objects unloaded after import = 3

========================================================================
Received Import Request.
  Time since last request: 0.000017 seconds.
  path: Assets/외부 에셋/M STUDIO/Card Game Kit/Base Assets/Map Icons/C06.png
  artifactKey: Guid(156a9537cffd44ed5b16209a9196bbe5) Importer(815301076,1909f56bfc062723c751e8b465ee728b)
Start importing Assets/외부 에셋/M STUDIO/Card Game Kit/Base Assets/Map Icons/C06.png using Guid(156a9537cffd44ed5b16209a9196bbe5) Importer(815301076,1909f56bfc062723c751e8b465ee728b) (PreviewImporter) -> (artifact id: '5c68467a49794f07c2ddd0ea2470a093') in 0.0142369 seconds
Number of updated asset objects reloaded before import = 0Number of asset objects unloaded after import = 3

========================================================================
Received Import Request.
  Time since last request: 0.000032 seconds.
  path: Assets/외부 에셋/M STUDIO/Card Game Kit/Base Assets/Map Icons/10.png
  artifactKey: Guid(6153fe14894024ff58b639f5e456c252) Importer(815301076,1909f56bfc062723c751e8b465ee728b)
Start importing Assets/외부 에셋/M STUDIO/Card Game Kit/Base Assets/Map Icons/10.png using Guid(6153fe14894024ff58b639f5e456c252) Importer(815301076,1909f56bfc062723c751e8b465ee728b) (PreviewImporter) -> (artifact id: '278010f7a7c822cabb46362c515ead57') in 0.01531 seconds
Number of updated asset objects reloaded before import = 0Number of asset objects unloaded after import = 3

========================================================================
Received Import Request.
  Time since last request: 0.000022 seconds.
  path: Assets/외부 에셋/M STUDIO/Card Game Kit/Base Assets/Map Icons/Boss.png
  artifactKey: Guid(8e5bebd214d59430d8dff7bb4e40f292) Importer(815301076,1909f56bfc062723c751e8b465ee728b)
Start importing Assets/외부 에셋/M STUDIO/Card Game Kit/Base Assets/Map Icons/Boss.png using Guid(8e5bebd214d59430d8dff7bb4e40f292) Importer(815301076,1909f56bfc062723c751e8b465ee728b) (PreviewImporter) -> (artifact id: 'b3222e9676810a5650512ca62e81ba04') in 0.0137586 seconds
Number of updated asset objects reloaded before import = 0Number of asset objects unloaded after import = 3

